{"D:\\Ingenieria-Desarrollo-Software\\Bimestre-7\\urbansphere_front\\src\\components\\AvisoFlotante.vue": {"path":"D:\\Ingenieria-Desarrollo-Software\\Bimestre-7\\urbansphere_front\\src\\components\\AvisoFlotante.vue","statementMap":{"0":{"start":{"line":5,"column":17},"end":{"line":5,"column":null}},"1":{"start":{"line":39,"column":17},"end":{"line":39,"column":null}},"2":{"start":{"line":40,"column":19},"end":{"line":40,"column":null}},"3":{"start":{"line":41,"column":21},"end":{"line":41,"column":null}},"4":{"start":{"line":44,"column":21},"end":{"line":44,"column":null}},"5":{"start":{"line":48,"column":21},"end":{"line":48,"column":76}},"6":{"start":{"line":9,"column":2},"end":{"line":57,"column":23}},"7":{"start":{"line":61,"column":12},"end":{"line":57,"column":23}},"8":{"start":{"line":22,"column":21},"end":{"line":22,"column":27}},"9":{"start":{"line":59,"column":16},"end":{"line":57,"column":23}},"10":{"start":{"line":54,"column":24},"end":{"line":54,"column":null}}},"fnMap":{"0":{"name":"(anonymous_0)","decl":{"start":{"line":61,"column":12},"end":{"line":61,"column":null}},"loc":{"start":{"line":61,"column":12},"end":{"line":57,"column":23}},"line":61},"1":{"name":"(anonymous_1)","decl":{"start":{"line":22,"column":14},"end":{"line":22,"column":21}},"loc":{"start":{"line":22,"column":21},"end":{"line":22,"column":27}},"line":22},"2":{"name":"(anonymous_2)","decl":{"start":{"line":59,"column":16},"end":{"line":59,"column":null}},"loc":{"start":{"line":59,"column":16},"end":{"line":57,"column":23}},"line":59},"3":{"name":"(anonymous_3)","decl":{"start":{"line":54,"column":22},"end":{"line":54,"column":24}},"loc":{"start":{"line":54,"column":24},"end":{"line":54,"column":null}},"line":54}},"branchMap":{"0":{"loc":{"start":{"line":19,"column":14},"end":{"line":57,"column":23}},"type":"cond-expr","locations":[{"start":{"line":19,"column":14},"end":{"line":57,"column":23}}],"line":19},"1":{"loc":{"start":{"line":22,"column":14},"end":{"line":22,"column":null}},"type":"binary-expr","locations":[{"start":{"line":22,"column":14},"end":{"line":22,"column":21}},{"start":{"line":22,"column":14},"end":{"line":22,"column":null}}],"line":22},"2":{"loc":{"start":{"line":22,"column":21},"end":{"line":22,"column":27}},"type":"binary-expr","locations":[{"start":{"line":22,"column":21},"end":{"line":22,"column":27}},{"start":{"line":22,"column":21},"end":{"line":22,"column":27}}],"line":22},"3":{"loc":{"start":{"line":33,"column":18},"end":{"line":57,"column":23}},"type":"cond-expr","locations":[{"start":{"line":33,"column":18},"end":{"line":57,"column":23}},{"start":{"line":57,"column":14},"end":{"line":57,"column":23}}],"line":33},"4":{"loc":{"start":{"line":49,"column":22},"end":{"line":47,"column":23}},"type":"binary-expr","locations":[{"start":{"line":49,"column":22},"end":{"line":49,"column":null}},{"start":{"line":49,"column":22},"end":{"line":47,"column":23}}],"line":49},"5":{"loc":{"start":{"line":54,"column":22},"end":{"line":54,"column":null}},"type":"binary-expr","locations":[{"start":{"line":54,"column":22},"end":{"line":54,"column":24}},{"start":{"line":54,"column":22},"end":{"line":54,"column":null}}],"line":54},"6":{"loc":{"start":{"line":54,"column":24},"end":{"line":54,"column":null}},"type":"binary-expr","locations":[{"start":{"line":54,"column":24},"end":{"line":54,"column":null}},{"start":{"line":54,"column":24},"end":{"line":54,"column":null}}],"line":54}},"s":{"0":4,"1":1,"2":1,"3":1,"4":1,"5":1,"6":4,"7":4,"8":1,"9":3,"10":1},"f":{"0":4,"1":1,"2":3,"3":1},"b":{"0":[3],"1":[3,3],"2":[1,1],"3":[3,0],"4":[3,3],"5":[3,3],"6":[1,1]},"meta":{"lastBranch":7,"lastFunction":4,"lastStatement":11,"seen":{"s:5:17:5:Infinity":0,"s:39:17:39:Infinity":1,"s:40:19:40:Infinity":2,"s:41:21:41:Infinity":3,"s:44:21:44:Infinity":4,"s:48:21:48:76":5,"s:9:2:57:23":6,"f:61:12:61:Infinity":0,"s:61:12:57:23":7,"b:19:14:57:23":0,"b:22:14:22:21:22:14:22:Infinity":1,"f:22:14:22:21":1,"s:22:21:22:27":8,"b:22:21:22:27:22:21:22:27":2,"f:59:16:59:Infinity":2,"s:59:16:57:23":9,"b:33:18:57:23:57:14:57:23":3,"b:49:22:49:Infinity:49:22:47:23":4,"b:54:22:54:24:54:22:54:Infinity":5,"f:54:22:54:24":3,"s:54:24:54:Infinity":10,"b:54:24:54:Infinity:54:24:54:Infinity":6},"fnNames":{}}}
,"D:\\Ingenieria-Desarrollo-Software\\Bimestre-7\\urbansphere_front\\src\\components\\catalogo\\BotonFavoritoProyecto.vue": {"path":"D:\\Ingenieria-Desarrollo-Software\\Bimestre-7\\urbansphere_front\\src\\components\\catalogo\\BotonFavoritoProyecto.vue","statementMap":{"0":{"start":{"line":6,"column":14},"end":{"line":6,"column":null}},"1":{"start":{"line":15,"column":13},"end":{"line":15,"column":null}},"2":{"start":{"line":19,"column":40},"end":{"line":19,"column":null}},"3":{"start":{"line":20,"column":8},"end":{"line":20,"column":null}},"4":{"start":{"line":22,"column":6},"end":{"line":22,"column":null}},"5":{"start":{"line":22,"column":23},"end":{"line":22,"column":null}},"6":{"start":{"line":25,"column":2},"end":{"line":28,"column":null}},"7":{"start":{"line":26,"column":4},"end":{"line":26,"column":null}},"8":{"start":{"line":27,"column":4},"end":{"line":27,"column":null}},"9":{"start":{"line":30,"column":22},"end":{"line":30,"column":null}},"10":{"start":{"line":31,"column":13},"end":{"line":31,"column":null}},"11":{"start":{"line":32,"column":2},"end":{"line":32,"column":null}},"12":{"start":{"line":32,"column":10},"end":{"line":32,"column":null}},"13":{"start":{"line":37,"column":2},"end":{"line":65,"column":null}}},"fnMap":{"0":{"name":"(anonymous_0)","decl":{"start":{"line":22,"column":6},"end":{"line":22,"column":23}},"loc":{"start":{"line":22,"column":23},"end":{"line":22,"column":null}},"line":22},"1":{"name":"onClick","decl":{"start":{"line":24,"column":15},"end":{"line":24,"column":25}},"loc":{"start":{"line":24,"column":25},"end":{"line":33,"column":null}},"line":24}},"branchMap":{"0":{"loc":{"start":{"line":25,"column":2},"end":{"line":28,"column":null}},"type":"if","locations":[{"start":{"line":25,"column":2},"end":{"line":28,"column":null}},{"start":{},"end":{}}],"line":25},"1":{"loc":{"start":{"line":32,"column":2},"end":{"line":32,"column":null}},"type":"if","locations":[{"start":{"line":32,"column":2},"end":{"line":32,"column":null}},{"start":{},"end":{}}],"line":32},"2":{"loc":{"start":{"line":40,"column":20},"end":{"line":40,"column":null}},"type":"cond-expr","locations":[{"start":{"line":40,"column":27},"end":{"line":40,"column":349}},{"start":{"line":40,"column":140},"end":{"line":40,"column":null}}],"line":40},"3":{"loc":{"start":{"line":40,"column":132},"end":{"line":40,"column":349}},"type":"cond-expr","locations":[{"start":{"line":40,"column":140},"end":{"line":40,"column":349}},{"start":{"line":40,"column":140},"end":{"line":40,"column":349}}],"line":40},"4":{"loc":{"start":{"line":40,"column":349},"end":{"line":40,"column":null}},"type":"cond-expr","locations":[{"start":{"line":40,"column":357},"end":{"line":40,"column":null}},{"start":{"line":40,"column":357},"end":{"line":40,"column":null}}],"line":40},"5":{"loc":{"start":{"line":55,"column":20},"end":{"line":55,"column":null}},"type":"cond-expr","locations":[{"start":{"line":55,"column":50},"end":{"line":55,"column":null}},{"start":{"line":55,"column":58},"end":{"line":55,"column":null}}],"line":55},"6":{"loc":{"start":{"line":55,"column":50},"end":{"line":55,"column":null}},"type":"cond-expr","locations":[{"start":{"line":55,"column":58},"end":{"line":55,"column":null}},{"start":{"line":55,"column":58},"end":{"line":55,"column":null}}],"line":55},"7":{"loc":{"start":{"line":65,"column":19},"end":{"line":65,"column":65}},"type":"cond-expr","locations":[{"start":{"line":65,"column":26},"end":{"line":65,"column":65}},{"start":{"line":65,"column":26},"end":{"line":65,"column":65}}],"line":65},"8":{"loc":{"start":{"line":65,"column":65},"end":{"line":65,"column":null}},"type":"cond-expr","locations":[{"start":{"line":65,"column":73},"end":{"line":65,"column":null}},{"start":{"line":65,"column":73},"end":{"line":65,"column":null}}],"line":65}},"s":{"0":4,"1":4,"2":4,"3":4,"4":4,"5":12,"6":2,"7":1,"8":1,"9":1,"10":1,"11":1,"12":1,"13":4},"f":{"0":12,"1":2},"b":{"0":[1,1],"1":[1,0],"2":[0,4],"3":[0,0],"4":[1,3],"5":[3,1],"6":[1,2],"7":[0,4],"8":[1,3]},"meta":{"lastBranch":9,"lastFunction":2,"lastStatement":14,"seen":{"s:6:14:6:Infinity":0,"s:15:13:15:Infinity":1,"s:19:40:19:Infinity":2,"s:20:8:20:Infinity":3,"s:22:6:22:Infinity":4,"f:22:6:22:23":0,"s:22:23:22:Infinity":5,"f:24:15:24:25":1,"b:25:2:28:Infinity:undefined:undefined:undefined:undefined":0,"s:25:2:28:Infinity":6,"s:26:4:26:Infinity":7,"s:27:4:27:Infinity":8,"s:30:22:30:Infinity":9,"s:31:13:31:Infinity":10,"b:32:2:32:Infinity:undefined:undefined:undefined:undefined":1,"s:32:2:32:Infinity":11,"s:32:10:32:Infinity":12,"s:37:2:65:Infinity":13,"b:40:27:40:349:40:140:40:Infinity":2,"b:40:140:40:349:40:140:40:349":3,"b:40:357:40:Infinity:40:357:40:Infinity":4,"b:55:50:55:Infinity:55:58:55:Infinity":5,"b:55:58:55:Infinity:55:58:55:Infinity":6,"b:65:26:65:65:65:26:65:65":7,"b:65:73:65:Infinity:65:73:65:Infinity":8},"fnNames":{}}}
,"D:\\Ingenieria-Desarrollo-Software\\Bimestre-7\\urbansphere_front\\src\\composables\\useAvisoFlotante.ts": {"path":"D:\\Ingenieria-Desarrollo-Software\\Bimestre-7\\urbansphere_front\\src\\composables\\useAvisoFlotante.ts","statementMap":{"0":{"start":{"line":4,"column":2},"end":{"line":4,"column":null}},"1":{"start":{"line":6,"column":6},"end":{"line":6,"column":null}},"2":{"start":{"line":10,"column":4},"end":{"line":10,"column":null}},"3":{"start":{"line":14,"column":4},"end":{"line":14,"column":null}},"4":{"start":{"line":17,"column":2},"end":{"line":17,"column":null}}},"fnMap":{"0":{"name":"useAvisoFlotante","decl":{"start":{"line":8,"column":16},"end":{"line":8,"column":35}},"loc":{"start":{"line":8,"column":35},"end":{"line":18,"column":null}},"line":8},"1":{"name":"mostrar","decl":{"start":{"line":9,"column":11},"end":{"line":9,"column":19}},"loc":{"start":{"line":9,"column":34},"end":{"line":11,"column":null}},"line":9},"2":{"name":"cerrar","decl":{"start":{"line":13,"column":11},"end":{"line":13,"column":20}},"loc":{"start":{"line":13,"column":20},"end":{"line":15,"column":null}},"line":13}},"branchMap":{},"s":{"0":1,"1":1,"2":2,"3":5,"4":7},"f":{"0":7,"1":2,"2":5},"b":{},"meta":{"lastBranch":0,"lastFunction":3,"lastStatement":5,"seen":{"s:4:2:4:Infinity":0,"s:6:6:6:Infinity":1,"f:8:16:8:35":0,"f:9:11:9:19":1,"s:10:4:10:Infinity":2,"f:13:11:13:20":2,"s:14:4:14:Infinity":3,"s:17:2:17:Infinity":4},"fnNames":{}}}
,"D:\\Ingenieria-Desarrollo-Software\\Bimestre-7\\urbansphere_front\\src\\composables\\useValorUf.ts": {"path":"D:\\Ingenieria-Desarrollo-Software\\Bimestre-7\\urbansphere_front\\src\\composables\\useValorUf.ts","statementMap":{"0":{"start":{"line":4,"column":6},"end":{"line":4,"column":null}},"1":{"start":{"line":5,"column":6},"end":{"line":5,"column":null}},"2":{"start":{"line":6,"column":6},"end":{"line":6,"column":null}},"3":{"start":{"line":7,"column":6},"end":{"line":7,"column":null}},"4":{"start":{"line":8,"column":41},"end":{"line":8,"column":null}},"5":{"start":{"line":11,"column":2},"end":{"line":11,"column":null}},"6":{"start":{"line":11,"column":27},"end":{"line":11,"column":null}},"7":{"start":{"line":12,"column":2},"end":{"line":15,"column":null}},"8":{"start":{"line":13,"column":4},"end":{"line":13,"column":null}},"9":{"start":{"line":14,"column":4},"end":{"line":14,"column":null}},"10":{"start":{"line":17,"column":2},"end":{"line":17,"column":null}},"11":{"start":{"line":18,"column":2},"end":{"line":28,"column":null}},"12":{"start":{"line":21,"column":6},"end":{"line":21,"column":null}},"13":{"start":{"line":22,"column":6},"end":{"line":22,"column":null}},"14":{"start":{"line":23,"column":6},"end":{"line":23,"column":null}},"15":{"start":{"line":26,"column":6},"end":{"line":26,"column":null}},"16":{"start":{"line":27,"column":6},"end":{"line":27,"column":null}},"17":{"start":{"line":30,"column":2},"end":{"line":30,"column":null}},"18":{"start":{"line":34,"column":8},"end":{"line":34,"column":null}},"19":{"start":{"line":34,"column":31},"end":{"line":34,"column":50}},"20":{"start":{"line":36,"column":2},"end":{"line":43,"column":null}}},"fnMap":{"0":{"name":"cargarValorUf","decl":{"start":{"line":10,"column":15},"end":{"line":10,"column":31}},"loc":{"start":{"line":10,"column":31},"end":{"line":31,"column":null}},"line":10},"1":{"name":"(anonymous_1)","decl":{"start":{"line":20,"column":5},"end":{"line":20,"column":11}},"loc":{"start":{"line":20,"column":20},"end":{"line":24,"column":5}},"line":20},"2":{"name":"(anonymous_2)","decl":{"start":{"line":25,"column":5},"end":{"line":25,"column":19}},"loc":{"start":{"line":25,"column":19},"end":{"line":28,"column":5}},"line":25},"3":{"name":"useValorUf","decl":{"start":{"line":33,"column":16},"end":{"line":33,"column":29}},"loc":{"start":{"line":33,"column":29},"end":{"line":44,"column":null}},"line":33},"4":{"name":"(anonymous_4)","decl":{"start":{"line":34,"column":16},"end":{"line":34,"column":31}},"loc":{"start":{"line":34,"column":31},"end":{"line":34,"column":50}},"line":34}},"branchMap":{"0":{"loc":{"start":{"line":11,"column":2},"end":{"line":11,"column":null}},"type":"if","locations":[{"start":{"line":11,"column":2},"end":{"line":11,"column":null}},{"start":{},"end":{}}],"line":11},"1":{"loc":{"start":{"line":12,"column":2},"end":{"line":15,"column":null}},"type":"if","locations":[{"start":{"line":12,"column":2},"end":{"line":15,"column":null}},{"start":{},"end":{}}],"line":12}},"s":{"0":1,"1":1,"2":1,"3":1,"4":1,"5":3,"6":1,"7":2,"8":0,"9":0,"10":2,"11":2,"12":2,"13":2,"14":2,"15":2,"16":2,"17":2,"18":6,"19":2,"20":6},"f":{"0":3,"1":2,"2":2,"3":6,"4":2},"b":{"0":[1,2],"1":[0,2]},"meta":{"lastBranch":2,"lastFunction":5,"lastStatement":21,"seen":{"s:4:6:4:Infinity":0,"s:5:6:5:Infinity":1,"s:6:6:6:Infinity":2,"s:7:6:7:Infinity":3,"s:8:41:8:Infinity":4,"f:10:15:10:31":0,"b:11:2:11:Infinity:undefined:undefined:undefined:undefined":0,"s:11:2:11:Infinity":5,"s:11:27:11:Infinity":6,"b:12:2:15:Infinity:undefined:undefined:undefined:undefined":1,"s:12:2:15:Infinity":7,"s:13:4:13:Infinity":8,"s:14:4:14:Infinity":9,"s:17:2:17:Infinity":10,"s:18:2:28:Infinity":11,"f:20:5:20:11":1,"s:21:6:21:Infinity":12,"s:22:6:22:Infinity":13,"s:23:6:23:Infinity":14,"f:25:5:25:19":2,"s:26:6:26:Infinity":15,"s:27:6:27:Infinity":16,"s:30:2:30:Infinity":17,"f:33:16:33:29":3,"s:34:8:34:Infinity":18,"f:34:16:34:31":4,"s:34:31:34:50":19,"s:36:2:43:Infinity":20},"fnNames":{}}}
,"D:\\Ingenieria-Desarrollo-Software\\Bimestre-7\\urbansphere_front\\src\\config\\env.ts": {"path":"D:\\Ingenieria-Desarrollo-Software\\Bimestre-7\\urbansphere_front\\src\\config\\env.ts","statementMap":{"0":{"start":{"line":1,"column":29},"end":{"line":1,"column":null}},"1":{"start":{"line":5,"column":2},"end":{"line":5,"column":null}},"2":{"start":{"line":8,"column":30},"end":{"line":8,"column":null}},"3":{"start":{"line":11,"column":29},"end":{"line":11,"column":null}},"4":{"start":{"line":13,"column":2},"end":{"line":13,"column":null}},"5":{"start":{"line":16,"column":2},"end":{"line":16,"column":null}},"6":{"start":{"line":20,"column":30},"end":{"line":20,"column":null}},"7":{"start":{"line":21,"column":13},"end":{"line":26,"column":null}},"8":{"start":{"line":22,"column":14},"end":{"line":22,"column":null}},"9":{"start":{"line":23,"column":2},"end":{"line":23,"column":null}},"10":{"start":{"line":23,"column":48},"end":{"line":23,"column":null}},"11":{"start":{"line":24,"column":17},"end":{"line":24,"column":null}},"12":{"start":{"line":25,"column":2},"end":{"line":25,"column":null}},"13":{"start":{"line":27,"column":32},"end":{"line":27,"column":null}},"14":{"start":{"line":30,"column":29},"end":{"line":30,"column":null}},"15":{"start":{"line":31,"column":13},"end":{"line":36,"column":null}},"16":{"start":{"line":32,"column":14},"end":{"line":32,"column":null}},"17":{"start":{"line":33,"column":2},"end":{"line":33,"column":null}},"18":{"start":{"line":33,"column":48},"end":{"line":33,"column":null}},"19":{"start":{"line":34,"column":17},"end":{"line":34,"column":null}},"20":{"start":{"line":35,"column":2},"end":{"line":35,"column":null}}},"fnMap":{"0":{"name":"tieneGeminiConfigurada","decl":{"start":{"line":15,"column":16},"end":{"line":15,"column":50}},"loc":{"start":{"line":15,"column":50},"end":{"line":17,"column":null}},"line":15},"1":{"name":"(anonymous_1)","decl":{"start":{"line":21,"column":13},"end":{"line":21,"column":36}},"loc":{"start":{"line":21,"column":36},"end":{"line":26,"column":3}},"line":21},"2":{"name":"(anonymous_2)","decl":{"start":{"line":31,"column":13},"end":{"line":31,"column":44}},"loc":{"start":{"line":31,"column":44},"end":{"line":36,"column":3}},"line":31}},"branchMap":{"0":{"loc":{"start":{"line":5,"column":2},"end":{"line":5,"column":null}},"type":"binary-expr","locations":[{"start":{"line":5,"column":2},"end":{"line":5,"column":47}},{"start":{"line":5,"column":47},"end":{"line":5,"column":null}}],"line":5},"1":{"loc":{"start":{"line":8,"column":30},"end":{"line":8,"column":null}},"type":"binary-expr","locations":[{"start":{"line":8,"column":30},"end":{"line":8,"column":77}},{"start":{"line":8,"column":77},"end":{"line":8,"column":null}}],"line":8},"2":{"loc":{"start":{"line":13,"column":2},"end":{"line":13,"column":null}},"type":"binary-expr","locations":[{"start":{"line":13,"column":2},"end":{"line":13,"column":47}},{"start":{"line":13,"column":47},"end":{"line":13,"column":null}}],"line":13},"3":{"loc":{"start":{"line":23,"column":2},"end":{"line":23,"column":null}},"type":"if","locations":[{"start":{"line":23,"column":2},"end":{"line":23,"column":null}},{"start":{},"end":{}}],"line":23},"4":{"loc":{"start":{"line":23,"column":6},"end":{"line":23,"column":48}},"type":"binary-expr","locations":[{"start":{"line":23,"column":6},"end":{"line":23,"column":21}},{"start":{"line":23,"column":21},"end":{"line":23,"column":48}}],"line":23},"5":{"loc":{"start":{"line":25,"column":9},"end":{"line":25,"column":null}},"type":"cond-expr","locations":[{"start":{"line":25,"column":49},"end":{"line":25,"column":58}},{"start":{"line":25,"column":58},"end":{"line":25,"column":null}}],"line":25},"6":{"loc":{"start":{"line":25,"column":9},"end":{"line":25,"column":49}},"type":"binary-expr","locations":[{"start":{"line":25,"column":9},"end":{"line":25,"column":36}},{"start":{"line":25,"column":36},"end":{"line":25,"column":49}}],"line":25},"7":{"loc":{"start":{"line":33,"column":2},"end":{"line":33,"column":null}},"type":"if","locations":[{"start":{"line":33,"column":2},"end":{"line":33,"column":null}},{"start":{},"end":{}}],"line":33},"8":{"loc":{"start":{"line":33,"column":6},"end":{"line":33,"column":48}},"type":"binary-expr","locations":[{"start":{"line":33,"column":6},"end":{"line":33,"column":21}},{"start":{"line":33,"column":21},"end":{"line":33,"column":48}}],"line":33},"9":{"loc":{"start":{"line":35,"column":9},"end":{"line":35,"column":null}},"type":"cond-expr","locations":[{"start":{"line":35,"column":49},"end":{"line":35,"column":58}},{"start":{"line":35,"column":58},"end":{"line":35,"column":null}}],"line":35},"10":{"loc":{"start":{"line":35,"column":9},"end":{"line":35,"column":49}},"type":"binary-expr","locations":[{"start":{"line":35,"column":9},"end":{"line":35,"column":36}},{"start":{"line":35,"column":36},"end":{"line":35,"column":49}}],"line":35}},"s":{"0":1,"1":1,"2":1,"3":1,"4":1,"5":0,"6":1,"7":1,"8":1,"9":1,"10":1,"11":0,"12":0,"13":1,"14":1,"15":1,"16":1,"17":1,"18":1,"19":0,"20":0},"f":{"0":0,"1":1,"2":1},"b":{"0":[1,1],"1":[1,0],"2":[1,1],"3":[1,0],"4":[1,0],"5":[0,0],"6":[0,0],"7":[1,0],"8":[1,0],"9":[0,0],"10":[0,0]},"meta":{"lastBranch":11,"lastFunction":3,"lastStatement":21,"seen":{"s:1:29:1:Infinity":0,"s:5:2:5:Infinity":1,"b:5:2:5:47:5:47:5:Infinity":0,"s:8:30:8:Infinity":2,"b:8:30:8:77:8:77:8:Infinity":1,"s:11:29:11:Infinity":3,"s:13:2:13:Infinity":4,"b:13:2:13:47:13:47:13:Infinity":2,"f:15:16:15:50":0,"s:16:2:16:Infinity":5,"s:20:30:20:Infinity":6,"s:21:13:26:Infinity":7,"f:21:13:21:36":1,"s:22:14:22:Infinity":8,"b:23:2:23:Infinity:undefined:undefined:undefined:undefined":3,"s:23:2:23:Infinity":9,"b:23:6:23:21:23:21:23:48":4,"s:23:48:23:Infinity":10,"s:24:17:24:Infinity":11,"s:25:2:25:Infinity":12,"b:25:49:25:58:25:58:25:Infinity":5,"b:25:9:25:36:25:36:25:49":6,"s:27:32:27:Infinity":13,"s:30:29:30:Infinity":14,"s:31:13:36:Infinity":15,"f:31:13:31:44":2,"s:32:14:32:Infinity":16,"b:33:2:33:Infinity:undefined:undefined:undefined:undefined":7,"s:33:2:33:Infinity":17,"b:33:6:33:21:33:21:33:48":8,"s:33:48:33:Infinity":18,"s:34:17:34:Infinity":19,"s:35:2:35:Infinity":20,"b:35:49:35:58:35:58:35:Infinity":9,"b:35:9:35:36:35:36:35:49":10},"fnNames":{}}}
,"D:\\Ingenieria-Desarrollo-Software\\Bimestre-7\\urbansphere_front\\src\\services\\api.ts": {"path":"D:\\Ingenieria-Desarrollo-Software\\Bimestre-7\\urbansphere_front\\src\\services\\api.ts","statementMap":{"0":{"start":{"line":5,"column":28},"end":{"line":9,"column":null}},"1":{"start":{"line":11,"column":28},"end":{"line":18,"column":null}},"2":{"start":{"line":27,"column":27},"end":{"line":27,"column":null}},"3":{"start":{"line":31,"column":53},"end":{"line":31,"column":null}},"4":{"start":{"line":34,"column":2},"end":{"line":34,"column":null}},"5":{"start":{"line":34,"column":12},"end":{"line":34,"column":null}},"6":{"start":{"line":35,"column":17},"end":{"line":35,"column":null}},"7":{"start":{"line":36,"column":2},"end":{"line":38,"column":null}},"8":{"start":{"line":38,"column":39},"end":{"line":38,"column":73}},"9":{"start":{"line":43,"column":2},"end":{"line":46,"column":null}},"10":{"start":{"line":51,"column":24},"end":{"line":51,"column":null}},"11":{"start":{"line":52,"column":2},"end":{"line":52,"column":null}},"12":{"start":{"line":52,"column":22},"end":{"line":52,"column":null}},"13":{"start":{"line":54,"column":2},"end":{"line":73,"column":null}},"14":{"start":{"line":55,"column":4},"end":{"line":72,"column":null}},"15":{"start":{"line":65,"column":8},"end":{"line":65,"column":null}},"16":{"start":{"line":66,"column":8},"end":{"line":66,"column":null}},"17":{"start":{"line":67,"column":8},"end":{"line":67,"column":null}},"18":{"start":{"line":69,"column":19},"end":{"line":69,"column":23}},"19":{"start":{"line":71,"column":8},"end":{"line":71,"column":null}},"20":{"start":{"line":75,"column":2},"end":{"line":75,"column":null}},"21":{"start":{"line":79,"column":16},"end":{"line":79,"column":null}},"22":{"start":{"line":80,"column":2},"end":{"line":80,"column":null}},"23":{"start":{"line":80,"column":41},"end":{"line":80,"column":null}},"24":{"start":{"line":82,"column":2},"end":{"line":82,"column":null}},"25":{"start":{"line":82,"column":57},"end":{"line":82,"column":null}},"26":{"start":{"line":84,"column":2},"end":{"line":84,"column":null}},"27":{"start":{"line":89,"column":2},"end":{"line":89,"column":null}},"28":{"start":{"line":90,"column":2},"end":{"line":90,"column":null}},"29":{"start":{"line":91,"column":2},"end":{"line":91,"column":null}},"30":{"start":{"line":93,"column":17},"end":{"line":93,"column":null}},"31":{"start":{"line":94,"column":2},"end":{"line":96,"column":null}},"32":{"start":{"line":95,"column":4},"end":{"line":95,"column":null}},"33":{"start":{"line":98,"column":18},"end":{"line":98,"column":null}},"34":{"start":{"line":99,"column":2},"end":{"line":101,"column":null}},"35":{"start":{"line":100,"column":4},"end":{"line":100,"column":null}},"36":{"start":{"line":104,"column":12},"end":{"line":111,"column":null}},"37":{"start":{"line":113,"column":0},"end":{"line":131,"column":null}},"38":{"start":{"line":114,"column":14},"end":{"line":114,"column":null}},"39":{"start":{"line":116,"column":2},"end":{"line":119,"column":null}},"40":{"start":{"line":117,"column":4},"end":{"line":117,"column":null}},"41":{"start":{"line":117,"column":21},"end":{"line":117,"column":null}},"42":{"start":{"line":118,"column":4},"end":{"line":118,"column":null}},"43":{"start":{"line":121,"column":2},"end":{"line":123,"column":null}},"44":{"start":{"line":122,"column":4},"end":{"line":122,"column":null}},"45":{"start":{"line":125,"column":22},"end":{"line":125,"column":null}},"46":{"start":{"line":126,"column":2},"end":{"line":128,"column":null}},"47":{"start":{"line":127,"column":4},"end":{"line":127,"column":null}},"48":{"start":{"line":130,"column":2},"end":{"line":130,"column":null}},"49":{"start":{"line":133,"column":0},"end":{"line":190,"column":null}},"50":{"start":{"line":134,"column":16},"end":{"line":134,"column":null}},"51":{"start":{"line":136,"column":28},"end":{"line":136,"column":null}},"52":{"start":{"line":137,"column":19},"end":{"line":137,"column":null}},"53":{"start":{"line":138,"column":16},"end":{"line":138,"column":null}},"54":{"start":{"line":140,"column":4},"end":{"line":142,"column":null}},"55":{"start":{"line":141,"column":6},"end":{"line":141,"column":null}},"56":{"start":{"line":144,"column":4},"end":{"line":151,"column":null}},"57":{"start":{"line":145,"column":6},"end":{"line":149,"column":null}},"58":{"start":{"line":146,"column":8},"end":{"line":146,"column":null}},"59":{"start":{"line":147,"column":13},"end":{"line":149,"column":null}},"60":{"start":{"line":148,"column":8},"end":{"line":148,"column":null}},"61":{"start":{"line":150,"column":6},"end":{"line":150,"column":null}},"62":{"start":{"line":153,"column":4},"end":{"line":155,"column":null}},"63":{"start":{"line":154,"column":6},"end":{"line":154,"column":null}},"64":{"start":{"line":157,"column":24},"end":{"line":160,"column":null}},"65":{"start":{"line":162,"column":10},"end":{"line":164,"column":null}},"66":{"start":{"line":163,"column":7},"end":{"line":163,"column":null}},"67":{"start":{"line":166,"column":4},"end":{"line":172,"column":null}},"68":{"start":{"line":167,"column":6},"end":{"line":169,"column":null}},"69":{"start":{"line":168,"column":8},"end":{"line":168,"column":null}},"70":{"start":{"line":170,"column":6},"end":{"line":170,"column":null}},"71":{"start":{"line":171,"column":6},"end":{"line":171,"column":null}},"72":{"start":{"line":174,"column":4},"end":{"line":176,"column":null}},"73":{"start":{"line":175,"column":6},"end":{"line":175,"column":null}},"74":{"start":{"line":178,"column":4},"end":{"line":178,"column":null}},"75":{"start":{"line":179,"column":23},"end":{"line":179,"column":null}},"76":{"start":{"line":181,"column":4},"end":{"line":184,"column":null}},"77":{"start":{"line":182,"column":6},"end":{"line":182,"column":null}},"78":{"start":{"line":183,"column":6},"end":{"line":183,"column":null}},"79":{"start":{"line":186,"column":4},"end":{"line":186,"column":null}},"80":{"start":{"line":187,"column":4},"end":{"line":187,"column":null}},"81":{"start":{"line":188,"column":4},"end":{"line":188,"column":null}}},"fnMap":{"0":{"name":"esRutaAuthPublica","decl":{"start":{"line":33,"column":9},"end":{"line":33,"column":27}},"loc":{"start":{"line":33,"column":89},"end":{"line":40,"column":null}},"line":33},"1":{"name":"(anonymous_1)","decl":{"start":{"line":38,"column":24},"end":{"line":38,"column":30}},"loc":{"start":{"line":38,"column":39},"end":{"line":38,"column":73}},"line":38},"2":{"name":"esRegistroPublico","decl":{"start":{"line":42,"column":9},"end":{"line":42,"column":27}},"loc":{"start":{"line":42,"column":89},"end":{"line":48,"column":null}},"line":42},"3":{"name":"intentarRefrescarToken","decl":{"start":{"line":50,"column":15},"end":{"line":50,"column":64}},"loc":{"start":{"line":50,"column":64},"end":{"line":76,"column":null}},"line":50},"4":{"name":"(anonymous_4)","decl":{"start":{"line":64,"column":7},"end":{"line":64,"column":13}},"loc":{"start":{"line":64,"column":26},"end":{"line":68,"column":7}},"line":64},"5":{"name":"(anonymous_5)","decl":{"start":{"line":69,"column":7},"end":{"line":69,"column":19}},"loc":{"start":{"line":69,"column":19},"end":{"line":69,"column":23}},"line":69},"6":{"name":"(anonymous_6)","decl":{"start":{"line":70,"column":7},"end":{"line":70,"column":21}},"loc":{"start":{"line":70,"column":21},"end":{"line":72,"column":7}},"line":70},"7":{"name":"obtenerTokenValido","decl":{"start":{"line":78,"column":15},"end":{"line":78,"column":60}},"loc":{"start":{"line":78,"column":60},"end":{"line":85,"column":null}},"line":78},"8":{"name":"expulsarSesion","decl":{"start":{"line":88,"column":16},"end":{"line":88,"column":31}},"loc":{"start":{"line":88,"column":50},"end":{"line":102,"column":null}},"line":88},"9":{"name":"(anonymous_9)","decl":{"start":{"line":113,"column":29},"end":{"line":113,"column":36}},"loc":{"start":{"line":113,"column":47},"end":{"line":131,"column":1}},"line":113},"10":{"name":"(anonymous_10)","decl":{"start":{"line":133,"column":26},"end":{"line":133,"column":null}},"loc":{"start":{"line":134,"column":16},"end":{"line":134,"column":null}},"line":134},"11":{"name":"(anonymous_11)","decl":{"start":{"line":135,"column":2},"end":{"line":135,"column":9}},"loc":{"start":{"line":135,"column":19},"end":{"line":189,"column":null}},"line":135},"12":{"name":"(anonymous_12)","decl":{"start":{"line":162,"column":10},"end":{"line":162,"column":39}},"loc":{"start":{"line":162,"column":39},"end":{"line":164,"column":null}},"line":162}},"branchMap":{"0":{"loc":{"start":{"line":34,"column":2},"end":{"line":34,"column":null}},"type":"if","locations":[{"start":{"line":34,"column":2},"end":{"line":34,"column":null}},{"start":{},"end":{}}],"line":34},"1":{"loc":{"start":{"line":37,"column":4},"end":{"line":38,"column":null}},"type":"binary-expr","locations":[{"start":{"line":37,"column":4},"end":{"line":37,"column":null}},{"start":{"line":38,"column":4},"end":{"line":38,"column":null}}],"line":37},"2":{"loc":{"start":{"line":38,"column":39},"end":{"line":38,"column":73}},"type":"binary-expr","locations":[{"start":{"line":38,"column":39},"end":{"line":38,"column":55}},{"start":{"line":38,"column":55},"end":{"line":38,"column":73}}],"line":38},"3":{"loc":{"start":{"line":44,"column":4},"end":{"line":46,"column":null}},"type":"binary-expr","locations":[{"start":{"line":44,"column":4},"end":{"line":44,"column":null}},{"start":{"line":45,"column":4},"end":{"line":45,"column":null}},{"start":{"line":46,"column":4},"end":{"line":46,"column":null}}],"line":44},"4":{"loc":{"start":{"line":52,"column":2},"end":{"line":52,"column":null}},"type":"if","locations":[{"start":{"line":52,"column":2},"end":{"line":52,"column":null}},{"start":{},"end":{}}],"line":52},"5":{"loc":{"start":{"line":54,"column":2},"end":{"line":73,"column":null}},"type":"if","locations":[{"start":{"line":54,"column":2},"end":{"line":73,"column":null}},{"start":{},"end":{}}],"line":54},"6":{"loc":{"start":{"line":80,"column":2},"end":{"line":80,"column":null}},"type":"if","locations":[{"start":{"line":80,"column":2},"end":{"line":80,"column":null}},{"start":{},"end":{}}],"line":80},"7":{"loc":{"start":{"line":80,"column":6},"end":{"line":80,"column":41}},"type":"binary-expr","locations":[{"start":{"line":80,"column":6},"end":{"line":80,"column":15}},{"start":{"line":80,"column":15},"end":{"line":80,"column":41}}],"line":80},"8":{"loc":{"start":{"line":82,"column":2},"end":{"line":82,"column":null}},"type":"if","locations":[{"start":{"line":82,"column":2},"end":{"line":82,"column":null}},{"start":{},"end":{}}],"line":82},"9":{"loc":{"start":{"line":94,"column":2},"end":{"line":96,"column":null}},"type":"if","locations":[{"start":{"line":94,"column":2},"end":{"line":96,"column":null}},{"start":{},"end":{}}],"line":94},"10":{"loc":{"start":{"line":94,"column":6},"end":{"line":94,"column":78}},"type":"binary-expr","locations":[{"start":{"line":94,"column":6},"end":{"line":94,"column":18}},{"start":{"line":94,"column":18},"end":{"line":94,"column":46}},{"start":{"line":94,"column":46},"end":{"line":94,"column":78}}],"line":94},"11":{"loc":{"start":{"line":99,"column":2},"end":{"line":101,"column":null}},"type":"if","locations":[{"start":{"line":99,"column":2},"end":{"line":101,"column":null}},{"start":{},"end":{}}],"line":99},"12":{"loc":{"start":{"line":116,"column":2},"end":{"line":119,"column":null}},"type":"if","locations":[{"start":{"line":116,"column":2},"end":{"line":119,"column":null}},{"start":{},"end":{}}],"line":116},"13":{"loc":{"start":{"line":117,"column":4},"end":{"line":117,"column":null}},"type":"if","locations":[{"start":{"line":117,"column":4},"end":{"line":117,"column":null}},{"start":{},"end":{}}],"line":117},"14":{"loc":{"start":{"line":121,"column":2},"end":{"line":123,"column":null}},"type":"if","locations":[{"start":{"line":121,"column":2},"end":{"line":123,"column":null}},{"start":{},"end":{}}],"line":121},"15":{"loc":{"start":{"line":121,"column":6},"end":{"line":121,"column":100}},"type":"binary-expr","locations":[{"start":{"line":121,"column":6},"end":{"line":121,"column":54}},{"start":{"line":121,"column":54},"end":{"line":121,"column":100}}],"line":121},"16":{"loc":{"start":{"line":126,"column":2},"end":{"line":128,"column":null}},"type":"if","locations":[{"start":{"line":126,"column":2},"end":{"line":128,"column":null}},{"start":{},"end":{}}],"line":126},"17":{"loc":{"start":{"line":126,"column":6},"end":{"line":126,"column":37}},"type":"binary-expr","locations":[{"start":{"line":126,"column":6},"end":{"line":126,"column":21}},{"start":{"line":126,"column":21},"end":{"line":126,"column":37}}],"line":126},"18":{"loc":{"start":{"line":138,"column":16},"end":{"line":138,"column":null}},"type":"binary-expr","locations":[{"start":{"line":138,"column":16},"end":{"line":138,"column":40}},{"start":{"line":138,"column":40},"end":{"line":138,"column":null}}],"line":138},"19":{"loc":{"start":{"line":140,"column":4},"end":{"line":142,"column":null}},"type":"if","locations":[{"start":{"line":140,"column":4},"end":{"line":142,"column":null}},{"start":{},"end":{}}],"line":140},"20":{"loc":{"start":{"line":144,"column":4},"end":{"line":151,"column":null}},"type":"if","locations":[{"start":{"line":144,"column":4},"end":{"line":151,"column":null}},{"start":{},"end":{}}],"line":144},"21":{"loc":{"start":{"line":144,"column":8},"end":{"line":144,"column":44}},"type":"binary-expr","locations":[{"start":{"line":144,"column":8},"end":{"line":144,"column":26}},{"start":{"line":144,"column":26},"end":{"line":144,"column":44}}],"line":144},"22":{"loc":{"start":{"line":145,"column":6},"end":{"line":149,"column":null}},"type":"if","locations":[{"start":{"line":145,"column":6},"end":{"line":149,"column":null}},{"start":{"line":147,"column":13},"end":{"line":149,"column":null}}],"line":145},"23":{"loc":{"start":{"line":147,"column":13},"end":{"line":149,"column":null}},"type":"if","locations":[{"start":{"line":147,"column":13},"end":{"line":149,"column":null}},{"start":{},"end":{}}],"line":147},"24":{"loc":{"start":{"line":153,"column":4},"end":{"line":155,"column":null}},"type":"if","locations":[{"start":{"line":153,"column":4},"end":{"line":155,"column":null}},{"start":{},"end":{}}],"line":153},"25":{"loc":{"start":{"line":158,"column":6},"end":{"line":159,"column":null}},"type":"binary-expr","locations":[{"start":{"line":158,"column":6},"end":{"line":158,"column":null}},{"start":{"line":159,"column":8},"end":{"line":159,"column":null}}],"line":158},"26":{"loc":{"start":{"line":166,"column":4},"end":{"line":172,"column":null}},"type":"if","locations":[{"start":{"line":166,"column":4},"end":{"line":172,"column":null}},{"start":{},"end":{}}],"line":166},"27":{"loc":{"start":{"line":166,"column":8},"end":{"line":166,"column":76}},"type":"binary-expr","locations":[{"start":{"line":166,"column":8},"end":{"line":166,"column":52}},{"start":{"line":166,"column":52},"end":{"line":166,"column":76}}],"line":166},"28":{"loc":{"start":{"line":167,"column":6},"end":{"line":169,"column":null}},"type":"if","locations":[{"start":{"line":167,"column":6},"end":{"line":169,"column":null}},{"start":{},"end":{}}],"line":167},"29":{"loc":{"start":{"line":174,"column":4},"end":{"line":176,"column":null}},"type":"if","locations":[{"start":{"line":174,"column":4},"end":{"line":176,"column":null}},{"start":{},"end":{}}],"line":174},"30":{"loc":{"start":{"line":181,"column":4},"end":{"line":184,"column":null}},"type":"if","locations":[{"start":{"line":181,"column":4},"end":{"line":184,"column":null}},{"start":{},"end":{}}],"line":181}},"s":{"0":1,"1":1,"2":1,"3":1,"4":1,"5":0,"6":1,"7":1,"8":0,"9":1,"10":0,"11":0,"12":0,"13":0,"14":0,"15":0,"16":0,"17":0,"18":0,"19":0,"20":0,"21":1,"22":1,"23":1,"24":0,"25":0,"26":0,"27":2,"28":2,"29":2,"30":2,"31":2,"32":1,"33":2,"34":2,"35":2,"36":1,"37":1,"38":2,"39":2,"40":1,"41":1,"42":1,"43":1,"44":0,"45":1,"46":1,"47":1,"48":1,"49":1,"50":0,"51":0,"52":0,"53":0,"54":0,"55":0,"56":0,"57":0,"58":0,"59":0,"60":0,"61":0,"62":0,"63":0,"64":0,"65":0,"66":0,"67":0,"68":0,"69":0,"70":0,"71":0,"72":0,"73":0,"74":0,"75":0,"76":0,"77":0,"78":0,"79":0,"80":0,"81":0},"f":{"0":1,"1":0,"2":1,"3":0,"4":0,"5":0,"6":0,"7":1,"8":2,"9":2,"10":0,"11":0,"12":0},"b":{"0":[0,1],"1":[1,0],"2":[0,0],"3":[1,0,0],"4":[0,0],"5":[0,0],"6":[1,0],"7":[1,1],"8":[0,0],"9":[1,1],"10":[2,1,1],"11":[2,0],"12":[1,1],"13":[1,0],"14":[0,1],"15":[1,1],"16":[1,0],"17":[1,1],"18":[0,0],"19":[0,0],"20":[0,0],"21":[0,0],"22":[0,0],"23":[0,0],"24":[0,0],"25":[0,0],"26":[0,0],"27":[0,0],"28":[0,0],"29":[0,0],"30":[0,0]},"meta":{"lastBranch":31,"lastFunction":13,"lastStatement":82,"seen":{"s:5:28:9:Infinity":0,"s:11:28:18:Infinity":1,"s:27:27:27:Infinity":2,"s:31:53:31:Infinity":3,"f:33:9:33:27":0,"b:34:2:34:Infinity:undefined:undefined:undefined:undefined":0,"s:34:2:34:Infinity":4,"s:34:12:34:Infinity":5,"s:35:17:35:Infinity":6,"s:36:2:38:Infinity":7,"b:37:4:37:Infinity:38:4:38:Infinity":1,"f:38:24:38:30":1,"s:38:39:38:73":8,"b:38:39:38:55:38:55:38:73":2,"f:42:9:42:27":2,"s:43:2:46:Infinity":9,"b:44:4:44:Infinity:45:4:45:Infinity:46:4:46:Infinity":3,"f:50:15:50:64":3,"s:51:24:51:Infinity":10,"b:52:2:52:Infinity:undefined:undefined:undefined:undefined":4,"s:52:2:52:Infinity":11,"s:52:22:52:Infinity":12,"b:54:2:73:Infinity:undefined:undefined:undefined:undefined":5,"s:54:2:73:Infinity":13,"s:55:4:72:Infinity":14,"f:64:7:64:13":4,"s:65:8:65:Infinity":15,"s:66:8:66:Infinity":16,"s:67:8:67:Infinity":17,"f:69:7:69:19":5,"s:69:19:69:23":18,"f:70:7:70:21":6,"s:71:8:71:Infinity":19,"s:75:2:75:Infinity":20,"f:78:15:78:60":7,"s:79:16:79:Infinity":21,"b:80:2:80:Infinity:undefined:undefined:undefined:undefined":6,"s:80:2:80:Infinity":22,"b:80:6:80:15:80:15:80:41":7,"s:80:41:80:Infinity":23,"b:82:2:82:Infinity:undefined:undefined:undefined:undefined":8,"s:82:2:82:Infinity":24,"s:82:57:82:Infinity":25,"s:84:2:84:Infinity":26,"f:88:16:88:31":8,"s:89:2:89:Infinity":27,"s:90:2:90:Infinity":28,"s:91:2:91:Infinity":29,"s:93:17:93:Infinity":30,"b:94:2:96:Infinity:undefined:undefined:undefined:undefined":9,"s:94:2:96:Infinity":31,"b:94:6:94:18:94:18:94:46:94:46:94:78":10,"s:95:4:95:Infinity":32,"s:98:18:98:Infinity":33,"b:99:2:101:Infinity:undefined:undefined:undefined:undefined":11,"s:99:2:101:Infinity":34,"s:100:4:100:Infinity":35,"s:104:12:111:Infinity":36,"s:113:0:131:Infinity":37,"f:113:29:113:36":9,"s:114:14:114:Infinity":38,"b:116:2:119:Infinity:undefined:undefined:undefined:undefined":12,"s:116:2:119:Infinity":39,"b:117:4:117:Infinity:undefined:undefined:undefined:undefined":13,"s:117:4:117:Infinity":40,"s:117:21:117:Infinity":41,"s:118:4:118:Infinity":42,"b:121:2:123:Infinity:undefined:undefined:undefined:undefined":14,"s:121:2:123:Infinity":43,"b:121:6:121:54:121:54:121:100":15,"s:122:4:122:Infinity":44,"s:125:22:125:Infinity":45,"b:126:2:128:Infinity:undefined:undefined:undefined:undefined":16,"s:126:2:128:Infinity":46,"b:126:6:126:21:126:21:126:37":17,"s:127:4:127:Infinity":47,"s:130:2:130:Infinity":48,"s:133:0:190:Infinity":49,"f:133:26:133:Infinity":10,"s:134:16:134:Infinity":50,"f:135:2:135:9":11,"s:136:28:136:Infinity":51,"s:137:19:137:Infinity":52,"s:138:16:138:Infinity":53,"b:138:16:138:40:138:40:138:Infinity":18,"b:140:4:142:Infinity:undefined:undefined:undefined:undefined":19,"s:140:4:142:Infinity":54,"s:141:6:141:Infinity":55,"b:144:4:151:Infinity:undefined:undefined:undefined:undefined":20,"s:144:4:151:Infinity":56,"b:144:8:144:26:144:26:144:44":21,"b:145:6:149:Infinity:147:13:149:Infinity":22,"s:145:6:149:Infinity":57,"s:146:8:146:Infinity":58,"b:147:13:149:Infinity:undefined:undefined:undefined:undefined":23,"s:147:13:149:Infinity":59,"s:148:8:148:Infinity":60,"s:150:6:150:Infinity":61,"b:153:4:155:Infinity:undefined:undefined:undefined:undefined":24,"s:153:4:155:Infinity":62,"s:154:6:154:Infinity":63,"s:157:24:160:Infinity":64,"b:158:6:158:Infinity:159:8:159:Infinity":25,"s:162:10:164:Infinity":65,"f:162:10:162:39":12,"s:163:7:163:Infinity":66,"b:166:4:172:Infinity:undefined:undefined:undefined:undefined":26,"s:166:4:172:Infinity":67,"b:166:8:166:52:166:52:166:76":27,"b:167:6:169:Infinity:undefined:undefined:undefined:undefined":28,"s:167:6:169:Infinity":68,"s:168:8:168:Infinity":69,"s:170:6:170:Infinity":70,"s:171:6:171:Infinity":71,"b:174:4:176:Infinity:undefined:undefined:undefined:undefined":29,"s:174:4:176:Infinity":72,"s:175:6:175:Infinity":73,"s:178:4:178:Infinity":74,"s:179:23:179:Infinity":75,"b:181:4:184:Infinity:undefined:undefined:undefined:undefined":30,"s:181:4:184:Infinity":76,"s:182:6:182:Infinity":77,"s:183:6:183:Infinity":78,"s:186:4:186:Infinity":79,"s:187:4:187:Infinity":80,"s:188:4:188:Infinity":81},"fnNames":{}}}
,"D:\\Ingenieria-Desarrollo-Software\\Bimestre-7\\urbansphere_front\\src\\services\\proyectos\\proyectosService.ts": {"path":"D:\\Ingenieria-Desarrollo-Software\\Bimestre-7\\urbansphere_front\\src\\services\\proyectos\\proyectosService.ts","statementMap":{"0":{"start":{"line":13,"column":2},"end":{"line":17,"column":null}},"1":{"start":{"line":20,"column":32},"end":{"line":111,"column":null}},"2":{"start":{"line":23,"column":21},"end":{"line":23,"column":null}},"3":{"start":{"line":24,"column":4},"end":{"line":24,"column":null}},"4":{"start":{"line":29,"column":21},"end":{"line":29,"column":null}},"5":{"start":{"line":30,"column":4},"end":{"line":30,"column":null}},"6":{"start":{"line":35,"column":21},"end":{"line":35,"column":null}},"7":{"start":{"line":36,"column":4},"end":{"line":36,"column":null}},"8":{"start":{"line":41,"column":21},"end":{"line":41,"column":null}},"9":{"start":{"line":42,"column":4},"end":{"line":42,"column":null}},"10":{"start":{"line":47,"column":21},"end":{"line":47,"column":null}},"11":{"start":{"line":48,"column":4},"end":{"line":48,"column":null}},"12":{"start":{"line":53,"column":21},"end":{"line":53,"column":null}},"13":{"start":{"line":54,"column":4},"end":{"line":54,"column":null}},"14":{"start":{"line":59,"column":22},"end":{"line":59,"column":null}},"15":{"start":{"line":59,"column":43},"end":{"line":59,"column":69}},"16":{"start":{"line":60,"column":4},"end":{"line":62,"column":null}},"17":{"start":{"line":61,"column":6},"end":{"line":61,"column":null}},"18":{"start":{"line":63,"column":21},"end":{"line":65,"column":null}},"19":{"start":{"line":66,"column":4},"end":{"line":72,"column":null}},"20":{"start":{"line":68,"column":50},"end":{"line":71,"column":8}},"21":{"start":{"line":77,"column":22},"end":{"line":77,"column":null}},"22":{"start":{"line":77,"column":43},"end":{"line":77,"column":69}},"23":{"start":{"line":78,"column":4},"end":{"line":80,"column":null}},"24":{"start":{"line":79,"column":6},"end":{"line":79,"column":null}},"25":{"start":{"line":81,"column":21},"end":{"line":85,"column":null}},"26":{"start":{"line":86,"column":4},"end":{"line":92,"column":null}},"27":{"start":{"line":88,"column":50},"end":{"line":91,"column":8}},"28":{"start":{"line":97,"column":21},"end":{"line":97,"column":null}},"29":{"start":{"line":98,"column":4},"end":{"line":98,"column":null}},"30":{"start":{"line":103,"column":21},"end":{"line":103,"column":null}},"31":{"start":{"line":104,"column":4},"end":{"line":104,"column":null}},"32":{"start":{"line":109,"column":4},"end":{"line":109,"column":null}}},"fnMap":{"0":{"name":"normalizarItemCatalogo","decl":{"start":{"line":12,"column":9},"end":{"line":12,"column":32}},"loc":{"start":{"line":12,"column":85},"end":{"line":18,"column":null}},"line":12},"1":{"name":"crear","decl":{"start":{"line":22,"column":8},"end":{"line":22,"column":14}},"loc":{"start":{"line":22,"column":56},"end":{"line":25,"column":null}},"line":22},"2":{"name":"listar","decl":{"start":{"line":28,"column":8},"end":{"line":28,"column":38}},"loc":{"start":{"line":28,"column":38},"end":{"line":31,"column":null}},"line":28},"3":{"name":"listarPublico","decl":{"start":{"line":34,"column":8},"end":{"line":34,"column":45}},"loc":{"start":{"line":34,"column":45},"end":{"line":37,"column":null}},"line":34},"4":{"name":"listarCatalogoActivosPublico","decl":{"start":{"line":40,"column":8},"end":{"line":40,"column":72}},"loc":{"start":{"line":40,"column":72},"end":{"line":43,"column":null}},"line":40},"5":{"name":"obtenerDetalleCatalogoPublico","decl":{"start":{"line":46,"column":8},"end":{"line":46,"column":38}},"loc":{"start":{"line":46,"column":87},"end":{"line":49,"column":null}},"line":46},"6":{"name":"obtenerPorIdPublico","decl":{"start":{"line":52,"column":8},"end":{"line":52,"column":28}},"loc":{"start":{"line":52,"column":59},"end":{"line":55,"column":null}},"line":52},"7":{"name":"consultarCatalogo","decl":{"start":{"line":58,"column":8},"end":{"line":58,"column":26}},"loc":{"start":{"line":58,"column":77},"end":{"line":73,"column":null}},"line":58},"8":{"name":"(anonymous_8)","decl":{"start":{"line":59,"column":38},"end":{"line":59,"column":43}},"loc":{"start":{"line":59,"column":43},"end":{"line":59,"column":69}},"line":59},"9":{"name":"(anonymous_9)","decl":{"start":{"line":68,"column":38},"end":{"line":68,"column":43}},"loc":{"start":{"line":68,"column":50},"end":{"line":71,"column":8}},"line":68},"10":{"name":"consultarCatalogoPublico","decl":{"start":{"line":76,"column":8},"end":{"line":76,"column":33}},"loc":{"start":{"line":76,"column":84},"end":{"line":93,"column":null}},"line":76},"11":{"name":"(anonymous_11)","decl":{"start":{"line":77,"column":38},"end":{"line":77,"column":43}},"loc":{"start":{"line":77,"column":43},"end":{"line":77,"column":69}},"line":77},"12":{"name":"(anonymous_12)","decl":{"start":{"line":88,"column":38},"end":{"line":88,"column":43}},"loc":{"start":{"line":88,"column":50},"end":{"line":91,"column":8}},"line":88},"13":{"name":"obtenerPorId","decl":{"start":{"line":96,"column":8},"end":{"line":96,"column":21}},"loc":{"start":{"line":96,"column":52},"end":{"line":99,"column":null}},"line":96},"14":{"name":"actualizar","decl":{"start":{"line":102,"column":8},"end":{"line":102,"column":19}},"loc":{"start":{"line":102,"column":82},"end":{"line":105,"column":null}},"line":102},"15":{"name":"eliminar","decl":{"start":{"line":108,"column":8},"end":{"line":108,"column":17}},"loc":{"start":{"line":108,"column":44},"end":{"line":110,"column":null}},"line":108}},"branchMap":{"0":{"loc":{"start":{"line":36,"column":11},"end":{"line":36,"column":null}},"type":"binary-expr","locations":[{"start":{"line":36,"column":11},"end":{"line":36,"column":19}},{"start":{"line":36,"column":19},"end":{"line":36,"column":null}}],"line":36},"1":{"loc":{"start":{"line":42,"column":12},"end":{"line":42,"column":24}},"type":"binary-expr","locations":[{"start":{"line":42,"column":12},"end":{"line":42,"column":20}},{"start":{"line":42,"column":20},"end":{"line":42,"column":24}}],"line":42},"2":{"loc":{"start":{"line":60,"column":4},"end":{"line":62,"column":null}},"type":"if","locations":[{"start":{"line":60,"column":4},"end":{"line":62,"column":null}},{"start":{},"end":{}}],"line":60},"3":{"loc":{"start":{"line":67,"column":14},"end":{"line":67,"column":32}},"type":"binary-expr","locations":[{"start":{"line":67,"column":14},"end":{"line":67,"column":28}},{"start":{"line":67,"column":28},"end":{"line":67,"column":32}}],"line":67},"4":{"loc":{"start":{"line":68,"column":17},"end":{"line":68,"column":38}},"type":"binary-expr","locations":[{"start":{"line":68,"column":17},"end":{"line":68,"column":34}},{"start":{"line":68,"column":34},"end":{"line":68,"column":38}}],"line":68},"5":{"loc":{"start":{"line":78,"column":4},"end":{"line":80,"column":null}},"type":"if","locations":[{"start":{"line":78,"column":4},"end":{"line":80,"column":null}},{"start":{},"end":{}}],"line":78},"6":{"loc":{"start":{"line":87,"column":14},"end":{"line":87,"column":32}},"type":"binary-expr","locations":[{"start":{"line":87,"column":14},"end":{"line":87,"column":28}},{"start":{"line":87,"column":28},"end":{"line":87,"column":32}}],"line":87},"7":{"loc":{"start":{"line":88,"column":17},"end":{"line":88,"column":38}},"type":"binary-expr","locations":[{"start":{"line":88,"column":17},"end":{"line":88,"column":34}},{"start":{"line":88,"column":34},"end":{"line":88,"column":38}}],"line":88}},"s":{"0":1,"1":1,"2":1,"3":1,"4":0,"5":0,"6":2,"7":2,"8":0,"9":0,"10":0,"11":0,"12":0,"13":0,"14":0,"15":0,"16":0,"17":0,"18":0,"19":0,"20":0,"21":2,"22":4,"23":2,"24":1,"25":1,"26":1,"27":1,"28":0,"29":0,"30":0,"31":0,"32":1},"f":{"0":1,"1":1,"2":0,"3":2,"4":0,"5":0,"6":0,"7":0,"8":0,"9":0,"10":2,"11":4,"12":1,"13":0,"14":0,"15":1},"b":{"0":[2,1],"1":[0,0],"2":[0,0],"3":[0,0],"4":[0,0],"5":[1,1],"6":[1,0],"7":[2,0]},"meta":{"lastBranch":8,"lastFunction":16,"lastStatement":33,"seen":{"f:12:9:12:32":0,"s:13:2:17:Infinity":0,"s:20:32:111:Infinity":1,"f:22:8:22:14":1,"s:23:21:23:Infinity":2,"s:24:4:24:Infinity":3,"f:28:8:28:38":2,"s:29:21:29:Infinity":4,"s:30:4:30:Infinity":5,"f:34:8:34:45":3,"s:35:21:35:Infinity":6,"s:36:4:36:Infinity":7,"b:36:11:36:19:36:19:36:Infinity":0,"f:40:8:40:72":4,"s:41:21:41:Infinity":8,"s:42:4:42:Infinity":9,"b:42:12:42:20:42:20:42:24":1,"f:46:8:46:38":5,"s:47:21:47:Infinity":10,"s:48:4:48:Infinity":11,"f:52:8:52:28":6,"s:53:21:53:Infinity":12,"s:54:4:54:Infinity":13,"f:58:8:58:26":7,"s:59:22:59:Infinity":14,"f:59:38:59:43":8,"s:59:43:59:69":15,"b:60:4:62:Infinity:undefined:undefined:undefined:undefined":2,"s:60:4:62:Infinity":16,"s:61:6:61:Infinity":17,"s:63:21:65:Infinity":18,"s:66:4:72:Infinity":19,"b:67:14:67:28:67:28:67:32":3,"b:68:17:68:34:68:34:68:38":4,"f:68:38:68:43":9,"s:68:50:71:8":20,"f:76:8:76:33":10,"s:77:22:77:Infinity":21,"f:77:38:77:43":11,"s:77:43:77:69":22,"b:78:4:80:Infinity:undefined:undefined:undefined:undefined":5,"s:78:4:80:Infinity":23,"s:79:6:79:Infinity":24,"s:81:21:85:Infinity":25,"s:86:4:92:Infinity":26,"b:87:14:87:28:87:28:87:32":6,"b:88:17:88:34:88:34:88:38":7,"f:88:38:88:43":12,"s:88:50:91:8":27,"f:96:8:96:21":13,"s:97:21:97:Infinity":28,"s:98:4:98:Infinity":29,"f:102:8:102:19":14,"s:103:21:103:Infinity":30,"s:104:4:104:Infinity":31,"f:108:8:108:17":15,"s:109:4:109:Infinity":32},"fnNames":{}}}
,"D:\\Ingenieria-Desarrollo-Software\\Bimestre-7\\urbansphere_front\\src\\utils\\catalogoProyecto.ts": {"path":"D:\\Ingenieria-Desarrollo-Software\\Bimestre-7\\urbansphere_front\\src\\utils\\catalogoProyecto.ts","statementMap":{"0":{"start":{"line":25,"column":8},"end":{"line":25,"column":null}},"1":{"start":{"line":26,"column":18},"end":{"line":26,"column":null}},"2":{"start":{"line":26,"column":42},"end":{"line":26,"column":55}},"3":{"start":{"line":27,"column":2},"end":{"line":27,"column":null}},"4":{"start":{"line":31,"column":2},"end":{"line":31,"column":null}},"5":{"start":{"line":31,"column":28},"end":{"line":31,"column":null}},"6":{"start":{"line":32,"column":2},"end":{"line":32,"column":null}},"7":{"start":{"line":40,"column":14},"end":{"line":40,"column":null}},"8":{"start":{"line":40,"column":36},"end":{"line":40,"column":47}},"9":{"start":{"line":40,"column":63},"end":{"line":40,"column":68}},"10":{"start":{"line":41,"column":16},"end":{"line":41,"column":null}},"11":{"start":{"line":41,"column":38},"end":{"line":41,"column":51}},"12":{"start":{"line":42,"column":16},"end":{"line":42,"column":null}},"13":{"start":{"line":42,"column":38},"end":{"line":42,"column":45}},"14":{"start":{"line":43,"column":13},"end":{"line":43,"column":null}},"15":{"start":{"line":43,"column":35},"end":{"line":43,"column":49}},"16":{"start":{"line":45,"column":21},"end":{"line":45,"column":null}},"17":{"start":{"line":46,"column":21},"end":{"line":46,"column":null}},"18":{"start":{"line":47,"column":18},"end":{"line":47,"column":null}},"19":{"start":{"line":49,"column":2},"end":{"line":67,"column":null}},"20":{"start":{"line":71,"column":2},"end":{"line":71,"column":null}},"21":{"start":{"line":71,"column":34},"end":{"line":71,"column":null}},"22":{"start":{"line":72,"column":2},"end":{"line":72,"column":null}},"23":{"start":{"line":72,"column":19},"end":{"line":72,"column":null}},"24":{"start":{"line":73,"column":2},"end":{"line":73,"column":null}},"25":{"start":{"line":77,"column":2},"end":{"line":77,"column":null}},"26":{"start":{"line":77,"column":18},"end":{"line":77,"column":null}},"27":{"start":{"line":78,"column":2},"end":{"line":78,"column":null}},"28":{"start":{"line":83,"column":2},"end":{"line":83,"column":null}},"29":{"start":{"line":83,"column":53},"end":{"line":83,"column":null}},"30":{"start":{"line":84,"column":2},"end":{"line":84,"column":null}},"31":{"start":{"line":88,"column":2},"end":{"line":88,"column":null}},"32":{"start":{"line":88,"column":57},"end":{"line":88,"column":null}},"33":{"start":{"line":89,"column":2},"end":{"line":89,"column":null}},"34":{"start":{"line":93,"column":2},"end":{"line":93,"column":null}},"35":{"start":{"line":93,"column":19},"end":{"line":93,"column":null}},"36":{"start":{"line":94,"column":18},"end":{"line":94,"column":null}},"37":{"start":{"line":95,"column":2},"end":{"line":95,"column":null}},"38":{"start":{"line":99,"column":12},"end":{"line":99,"column":null}},"39":{"start":{"line":100,"column":2},"end":{"line":100,"column":null}},"40":{"start":{"line":104,"column":2},"end":{"line":104,"column":null}},"41":{"start":{"line":108,"column":2},"end":{"line":110,"column":null}},"42":{"start":{"line":108,"column":42},"end":{"line":108,"column":50}},"43":{"start":{"line":109,"column":4},"end":{"line":109,"column":null}},"44":{"start":{"line":123,"column":8},"end":{"line":123,"column":null}},"45":{"start":{"line":124,"column":2},"end":{"line":139,"column":null}},"46":{"start":{"line":125,"column":4},"end":{"line":125,"column":null}},"47":{"start":{"line":125,"column":68},"end":{"line":125,"column":null}},"48":{"start":{"line":126,"column":4},"end":{"line":126,"column":null}},"49":{"start":{"line":126,"column":76},"end":{"line":126,"column":null}},"50":{"start":{"line":127,"column":4},"end":{"line":129,"column":null}},"51":{"start":{"line":128,"column":6},"end":{"line":128,"column":null}},"52":{"start":{"line":130,"column":4},"end":{"line":132,"column":null}},"53":{"start":{"line":131,"column":6},"end":{"line":131,"column":null}},"54":{"start":{"line":133,"column":4},"end":{"line":133,"column":null}},"55":{"start":{"line":133,"column":12},"end":{"line":133,"column":null}},"56":{"start":{"line":134,"column":4},"end":{"line":137,"column":null}},"57":{"start":{"line":143,"column":2},"end":{"line":143,"column":null}}},"fnMap":{"0":{"name":"obtenerUrlPortada","decl":{"start":{"line":24,"column":16},"end":{"line":24,"column":34}},"loc":{"start":{"line":24,"column":77},"end":{"line":28,"column":null}},"line":24},"1":{"name":"(anonymous_1)","decl":{"start":{"line":26,"column":28},"end":{"line":26,"column":34}},"loc":{"start":{"line":26,"column":42},"end":{"line":26,"column":55}},"line":26},"2":{"name":"rangoNumerico","decl":{"start":{"line":30,"column":9},"end":{"line":30,"column":23}},"loc":{"start":{"line":30,"column":86},"end":{"line":33,"column":null}},"line":30},"3":{"name":"mapProyectoCatalogo","decl":{"start":{"line":35,"column":16},"end":{"line":35,"column":null}},"loc":{"start":{"line":39,"column":24},"end":{"line":68,"column":null}},"line":39},"4":{"name":"(anonymous_4)","decl":{"start":{"line":40,"column":25},"end":{"line":40,"column":30}},"loc":{"start":{"line":40,"column":36},"end":{"line":40,"column":47}},"line":40},"5":{"name":"(anonymous_5)","decl":{"start":{"line":40,"column":49},"end":{"line":40,"column":57}},"loc":{"start":{"line":40,"column":63},"end":{"line":40,"column":68}},"line":40},"6":{"name":"(anonymous_6)","decl":{"start":{"line":41,"column":27},"end":{"line":41,"column":32}},"loc":{"start":{"line":41,"column":38},"end":{"line":41,"column":51}},"line":41},"7":{"name":"(anonymous_7)","decl":{"start":{"line":42,"column":27},"end":{"line":42,"column":32}},"loc":{"start":{"line":42,"column":38},"end":{"line":42,"column":45}},"line":42},"8":{"name":"(anonymous_8)","decl":{"start":{"line":43,"column":24},"end":{"line":43,"column":29}},"loc":{"start":{"line":43,"column":35},"end":{"line":43,"column":49}},"line":43},"9":{"name":"formatearRango","decl":{"start":{"line":70,"column":16},"end":{"line":70,"column":31}},"loc":{"start":{"line":70,"column":92},"end":{"line":74,"column":null}},"line":70},"10":{"name":"formatearPrecioUf","decl":{"start":{"line":76,"column":16},"end":{"line":76,"column":34}},"loc":{"start":{"line":76,"column":61},"end":{"line":79,"column":null}},"line":76},"11":{"name":"clpDesdeUf","decl":{"start":{"line":82,"column":16},"end":{"line":82,"column":27}},"loc":{"start":{"line":82,"column":85},"end":{"line":85,"column":null}},"line":82},"12":{"name":"ufDesdeClp","decl":{"start":{"line":87,"column":16},"end":{"line":87,"column":27}},"loc":{"start":{"line":87,"column":72},"end":{"line":90,"column":null}},"line":87},"13":{"name":"formatearPrecioClp","decl":{"start":{"line":92,"column":16},"end":{"line":92,"column":35}},"loc":{"start":{"line":92,"column":100},"end":{"line":96,"column":null}},"line":92},"14":{"name":"normalizarTipoProyecto","decl":{"start":{"line":98,"column":16},"end":{"line":98,"column":39}},"loc":{"start":{"line":98,"column":69},"end":{"line":101,"column":null}},"line":98},"15":{"name":"formatearTipoProyecto","decl":{"start":{"line":103,"column":16},"end":{"line":103,"column":38}},"loc":{"start":{"line":103,"column":66},"end":{"line":105,"column":null}},"line":103},"16":{"name":"extraerComunas","decl":{"start":{"line":107,"column":16},"end":{"line":107,"column":31}},"loc":{"start":{"line":107,"column":76},"end":{"line":111,"column":null}},"line":107},"17":{"name":"(anonymous_17)","decl":{"start":{"line":108,"column":31},"end":{"line":108,"column":36}},"loc":{"start":{"line":108,"column":42},"end":{"line":108,"column":50}},"line":108},"18":{"name":"(anonymous_18)","decl":{"start":{"line":108,"column":70},"end":{"line":108,"column":76}},"loc":{"start":{"line":109,"column":4},"end":{"line":109,"column":null}},"line":109},"19":{"name":"filtrarProyectosCatalogo","decl":{"start":{"line":113,"column":16},"end":{"line":113,"column":null}},"loc":{"start":{"line":122,"column":26},"end":{"line":140,"column":null}},"line":122},"20":{"name":"(anonymous_20)","decl":{"start":{"line":124,"column":19},"end":{"line":124,"column":27}},"loc":{"start":{"line":124,"column":33},"end":{"line":139,"column":3}},"line":124},"21":{"name":"mensajeInteresDefault","decl":{"start":{"line":142,"column":16},"end":{"line":142,"column":38}},"loc":{"start":{"line":142,"column":70},"end":{"line":144,"column":null}},"line":142}},"branchMap":{"0":{"loc":{"start":{"line":26,"column":18},"end":{"line":26,"column":null}},"type":"binary-expr","locations":[{"start":{"line":26,"column":18},"end":{"line":26,"column":60}},{"start":{"line":26,"column":60},"end":{"line":26,"column":null}}],"line":26},"1":{"loc":{"start":{"line":27,"column":9},"end":{"line":27,"column":null}},"type":"binary-expr","locations":[{"start":{"line":27,"column":9},"end":{"line":27,"column":27}},{"start":{"line":27,"column":27},"end":{"line":27,"column":null}}],"line":27},"2":{"loc":{"start":{"line":31,"column":2},"end":{"line":31,"column":null}},"type":"if","locations":[{"start":{"line":31,"column":2},"end":{"line":31,"column":null}},{"start":{},"end":{}}],"line":31},"3":{"loc":{"start":{"line":60,"column":19},"end":{"line":60,"column":null}},"type":"cond-expr","locations":[{"start":{"line":60,"column":32},"end":{"line":60,"column":51}},{"start":{"line":60,"column":51},"end":{"line":60,"column":null}}],"line":60},"4":{"loc":{"start":{"line":70,"column":71},"end":{"line":70,"column":92}},"type":"default-arg","locations":[{"start":{"line":70,"column":80},"end":{"line":70,"column":92}}],"line":70},"5":{"loc":{"start":{"line":71,"column":2},"end":{"line":71,"column":null}},"type":"if","locations":[{"start":{"line":71,"column":2},"end":{"line":71,"column":null}},{"start":{},"end":{}}],"line":71},"6":{"loc":{"start":{"line":71,"column":6},"end":{"line":71,"column":34}},"type":"binary-expr","locations":[{"start":{"line":71,"column":6},"end":{"line":71,"column":21}},{"start":{"line":71,"column":21},"end":{"line":71,"column":34}}],"line":71},"7":{"loc":{"start":{"line":72,"column":2},"end":{"line":72,"column":null}},"type":"if","locations":[{"start":{"line":72,"column":2},"end":{"line":72,"column":null}},{"start":{},"end":{}}],"line":72},"8":{"loc":{"start":{"line":77,"column":2},"end":{"line":77,"column":null}},"type":"if","locations":[{"start":{"line":77,"column":2},"end":{"line":77,"column":null}},{"start":{},"end":{}}],"line":77},"9":{"loc":{"start":{"line":83,"column":2},"end":{"line":83,"column":null}},"type":"if","locations":[{"start":{"line":83,"column":2},"end":{"line":83,"column":null}},{"start":{},"end":{}}],"line":83},"10":{"loc":{"start":{"line":83,"column":6},"end":{"line":83,"column":53}},"type":"binary-expr","locations":[{"start":{"line":83,"column":6},"end":{"line":83,"column":20}},{"start":{"line":83,"column":20},"end":{"line":83,"column":39}},{"start":{"line":83,"column":39},"end":{"line":83,"column":53}}],"line":83},"11":{"loc":{"start":{"line":88,"column":2},"end":{"line":88,"column":null}},"type":"if","locations":[{"start":{"line":88,"column":2},"end":{"line":88,"column":null}},{"start":{},"end":{}}],"line":88},"12":{"loc":{"start":{"line":88,"column":6},"end":{"line":88,"column":57}},"type":"binary-expr","locations":[{"start":{"line":88,"column":6},"end":{"line":88,"column":31}},{"start":{"line":88,"column":31},"end":{"line":88,"column":43}},{"start":{"line":88,"column":43},"end":{"line":88,"column":57}}],"line":88},"13":{"loc":{"start":{"line":93,"column":2},"end":{"line":93,"column":null}},"type":"if","locations":[{"start":{"line":93,"column":2},"end":{"line":93,"column":null}},{"start":{},"end":{}}],"line":93},"14":{"loc":{"start":{"line":94,"column":18},"end":{"line":94,"column":null}},"type":"cond-expr","locations":[{"start":{"line":94,"column":51},"end":{"line":94,"column":58}},{"start":{"line":94,"column":58},"end":{"line":94,"column":null}}],"line":94},"15":{"loc":{"start":{"line":99,"column":19},"end":{"line":99,"column":30}},"type":"binary-expr","locations":[{"start":{"line":99,"column":19},"end":{"line":99,"column":28}},{"start":{"line":99,"column":28},"end":{"line":99,"column":30}}],"line":99},"16":{"loc":{"start":{"line":100,"column":9},"end":{"line":100,"column":null}},"type":"cond-expr","locations":[{"start":{"line":100,"column":24},"end":{"line":100,"column":33}},{"start":{"line":100,"column":33},"end":{"line":100,"column":null}}],"line":100},"17":{"loc":{"start":{"line":104,"column":9},"end":{"line":104,"column":null}},"type":"cond-expr","locations":[{"start":{"line":104,"column":27},"end":{"line":104,"column":36}},{"start":{"line":104,"column":36},"end":{"line":104,"column":null}}],"line":104},"18":{"loc":{"start":{"line":123,"column":13},"end":{"line":123,"column":31}},"type":"binary-expr","locations":[{"start":{"line":123,"column":13},"end":{"line":123,"column":27}},{"start":{"line":123,"column":27},"end":{"line":123,"column":31}}],"line":123},"19":{"loc":{"start":{"line":125,"column":4},"end":{"line":125,"column":null}},"type":"if","locations":[{"start":{"line":125,"column":4},"end":{"line":125,"column":null}},{"start":{},"end":{}}],"line":125},"20":{"loc":{"start":{"line":125,"column":8},"end":{"line":125,"column":68}},"type":"binary-expr","locations":[{"start":{"line":125,"column":8},"end":{"line":125,"column":21}},{"start":{"line":125,"column":21},"end":{"line":125,"column":46}},{"start":{"line":125,"column":46},"end":{"line":125,"column":68}}],"line":125},"21":{"loc":{"start":{"line":126,"column":4},"end":{"line":126,"column":null}},"type":"if","locations":[{"start":{"line":126,"column":4},"end":{"line":126,"column":null}},{"start":{},"end":{}}],"line":126},"22":{"loc":{"start":{"line":126,"column":8},"end":{"line":126,"column":76}},"type":"binary-expr","locations":[{"start":{"line":126,"column":8},"end":{"line":126,"column":23}},{"start":{"line":126,"column":23},"end":{"line":126,"column":50}},{"start":{"line":126,"column":50},"end":{"line":126,"column":76}}],"line":126},"23":{"loc":{"start":{"line":127,"column":4},"end":{"line":129,"column":null}},"type":"if","locations":[{"start":{"line":127,"column":4},"end":{"line":129,"column":null}},{"start":{},"end":{}}],"line":127},"24":{"loc":{"start":{"line":127,"column":8},"end":{"line":127,"column":95}},"type":"binary-expr","locations":[{"start":{"line":127,"column":8},"end":{"line":127,"column":34}},{"start":{"line":127,"column":34},"end":{"line":127,"column":61}},{"start":{"line":127,"column":61},"end":{"line":127,"column":95}}],"line":127},"25":{"loc":{"start":{"line":130,"column":4},"end":{"line":132,"column":null}},"type":"if","locations":[{"start":{"line":130,"column":4},"end":{"line":132,"column":null}},{"start":{},"end":{}}],"line":130},"26":{"loc":{"start":{"line":130,"column":8},"end":{"line":130,"column":95}},"type":"binary-expr","locations":[{"start":{"line":130,"column":8},"end":{"line":130,"column":34}},{"start":{"line":130,"column":34},"end":{"line":130,"column":61}},{"start":{"line":130,"column":61},"end":{"line":130,"column":95}}],"line":130},"27":{"loc":{"start":{"line":133,"column":4},"end":{"line":133,"column":null}},"type":"if","locations":[{"start":{"line":133,"column":4},"end":{"line":133,"column":null}},{"start":{},"end":{}}],"line":133},"28":{"loc":{"start":{"line":135,"column":6},"end":{"line":137,"column":null}},"type":"binary-expr","locations":[{"start":{"line":135,"column":6},"end":{"line":135,"column":null}},{"start":{"line":136,"column":6},"end":{"line":136,"column":null}},{"start":{"line":137,"column":6},"end":{"line":137,"column":null}}],"line":135}},"s":{"0":0,"1":0,"2":0,"3":0,"4":0,"5":0,"6":0,"7":0,"8":0,"9":0,"10":0,"11":0,"12":0,"13":0,"14":0,"15":0,"16":0,"17":0,"18":0,"19":0,"20":0,"21":0,"22":0,"23":0,"24":0,"25":0,"26":0,"27":0,"28":0,"29":0,"30":0,"31":0,"32":0,"33":0,"34":0,"35":0,"36":0,"37":0,"38":1,"39":1,"40":0,"41":0,"42":0,"43":0,"44":0,"45":0,"46":0,"47":0,"48":0,"49":0,"50":0,"51":0,"52":0,"53":0,"54":0,"55":0,"56":0,"57":0},"f":{"0":0,"1":0,"2":0,"3":0,"4":0,"5":0,"6":0,"7":0,"8":0,"9":0,"10":0,"11":0,"12":0,"13":0,"14":1,"15":0,"16":0,"17":0,"18":0,"19":0,"20":0,"21":0},"b":{"0":[0,0],"1":[0,0],"2":[0,0],"3":[0,0],"4":[0],"5":[0,0],"6":[0,0],"7":[0,0],"8":[0,0],"9":[0,0],"10":[0,0,0],"11":[0,0],"12":[0,0,0],"13":[0,0],"14":[0,0],"15":[1,0],"16":[1,0],"17":[0,0],"18":[0,0],"19":[0,0],"20":[0,0,0],"21":[0,0],"22":[0,0,0],"23":[0,0],"24":[0,0,0],"25":[0,0],"26":[0,0,0],"27":[0,0],"28":[0,0,0]},"meta":{"lastBranch":29,"lastFunction":22,"lastStatement":58,"seen":{"f:24:16:24:34":0,"s:25:8:25:Infinity":0,"s:26:18:26:Infinity":1,"b:26:18:26:60:26:60:26:Infinity":0,"f:26:28:26:34":1,"s:26:42:26:55":2,"s:27:2:27:Infinity":3,"b:27:9:27:27:27:27:27:Infinity":1,"f:30:9:30:23":2,"b:31:2:31:Infinity:undefined:undefined:undefined:undefined":2,"s:31:2:31:Infinity":4,"s:31:28:31:Infinity":5,"s:32:2:32:Infinity":6,"f:35:16:35:Infinity":3,"s:40:14:40:Infinity":7,"f:40:25:40:30":4,"s:40:36:40:47":8,"f:40:49:40:57":5,"s:40:63:40:68":9,"s:41:16:41:Infinity":10,"f:41:27:41:32":6,"s:41:38:41:51":11,"s:42:16:42:Infinity":12,"f:42:27:42:32":7,"s:42:38:42:45":13,"s:43:13:43:Infinity":14,"f:43:24:43:29":8,"s:43:35:43:49":15,"s:45:21:45:Infinity":16,"s:46:21:46:Infinity":17,"s:47:18:47:Infinity":18,"s:49:2:67:Infinity":19,"b:60:32:60:51:60:51:60:Infinity":3,"f:70:16:70:31":9,"b:70:80:70:92":4,"b:71:2:71:Infinity:undefined:undefined:undefined:undefined":5,"s:71:2:71:Infinity":20,"b:71:6:71:21:71:21:71:34":6,"s:71:34:71:Infinity":21,"b:72:2:72:Infinity:undefined:undefined:undefined:undefined":7,"s:72:2:72:Infinity":22,"s:72:19:72:Infinity":23,"s:73:2:73:Infinity":24,"f:76:16:76:34":10,"b:77:2:77:Infinity:undefined:undefined:undefined:undefined":8,"s:77:2:77:Infinity":25,"s:77:18:77:Infinity":26,"s:78:2:78:Infinity":27,"f:82:16:82:27":11,"b:83:2:83:Infinity:undefined:undefined:undefined:undefined":9,"s:83:2:83:Infinity":28,"b:83:6:83:20:83:20:83:39:83:39:83:53":10,"s:83:53:83:Infinity":29,"s:84:2:84:Infinity":30,"f:87:16:87:27":12,"b:88:2:88:Infinity:undefined:undefined:undefined:undefined":11,"s:88:2:88:Infinity":31,"b:88:6:88:31:88:31:88:43:88:43:88:57":12,"s:88:57:88:Infinity":32,"s:89:2:89:Infinity":33,"f:92:16:92:35":13,"b:93:2:93:Infinity:undefined:undefined:undefined:undefined":13,"s:93:2:93:Infinity":34,"s:93:19:93:Infinity":35,"s:94:18:94:Infinity":36,"b:94:51:94:58:94:58:94:Infinity":14,"s:95:2:95:Infinity":37,"f:98:16:98:39":14,"s:99:12:99:Infinity":38,"b:99:19:99:28:99:28:99:30":15,"s:100:2:100:Infinity":39,"b:100:24:100:33:100:33:100:Infinity":16,"f:103:16:103:38":15,"s:104:2:104:Infinity":40,"b:104:27:104:36:104:36:104:Infinity":17,"f:107:16:107:31":16,"s:108:2:110:Infinity":41,"f:108:31:108:36":17,"s:108:42:108:50":42,"f:108:70:108:76":18,"s:109:4:109:Infinity":43,"f:113:16:113:Infinity":19,"s:123:8:123:Infinity":44,"b:123:13:123:27:123:27:123:31":18,"s:124:2:139:Infinity":45,"f:124:19:124:27":20,"b:125:4:125:Infinity:undefined:undefined:undefined:undefined":19,"s:125:4:125:Infinity":46,"b:125:8:125:21:125:21:125:46:125:46:125:68":20,"s:125:68:125:Infinity":47,"b:126:4:126:Infinity:undefined:undefined:undefined:undefined":21,"s:126:4:126:Infinity":48,"b:126:8:126:23:126:23:126:50:126:50:126:76":22,"s:126:76:126:Infinity":49,"b:127:4:129:Infinity:undefined:undefined:undefined:undefined":23,"s:127:4:129:Infinity":50,"b:127:8:127:34:127:34:127:61:127:61:127:95":24,"s:128:6:128:Infinity":51,"b:130:4:132:Infinity:undefined:undefined:undefined:undefined":25,"s:130:4:132:Infinity":52,"b:130:8:130:34:130:34:130:61:130:61:130:95":26,"s:131:6:131:Infinity":53,"b:133:4:133:Infinity:undefined:undefined:undefined:undefined":27,"s:133:4:133:Infinity":54,"s:133:12:133:Infinity":55,"s:134:4:137:Infinity":56,"b:135:6:135:Infinity:136:6:136:Infinity:137:6:137:Infinity":28,"f:142:16:142:38":21,"s:143:2:143:Infinity":57},"fnNames":{}}}
,"D:\\Ingenieria-Desarrollo-Software\\Bimestre-7\\urbansphere_front\\src\\utils\\fechas.ts": {"path":"D:\\Ingenieria-Desarrollo-Software\\Bimestre-7\\urbansphere_front\\src\\utils\\fechas.ts","statementMap":{"0":{"start":{"line":6,"column":2},"end":{"line":6,"column":null}},"1":{"start":{"line":6,"column":22},"end":{"line":6,"column":null}},"2":{"start":{"line":8,"column":16},"end":{"line":8,"column":null}},"3":{"start":{"line":10,"column":23},"end":{"line":10,"column":null}},"4":{"start":{"line":11,"column":2},"end":{"line":13,"column":null}},"5":{"start":{"line":12,"column":4},"end":{"line":12,"column":null}},"6":{"start":{"line":15,"column":16},"end":{"line":15,"column":null}},"7":{"start":{"line":16,"column":2},"end":{"line":16,"column":null}},"8":{"start":{"line":16,"column":37},"end":{"line":16,"column":null}},"9":{"start":{"line":18,"column":8},"end":{"line":18,"column":null}},"10":{"start":{"line":18,"column":29},"end":{"line":18,"column":null}},"11":{"start":{"line":19,"column":2},"end":{"line":19,"column":null}}},"fnMap":{"0":{"name":"formatearFechaLegible","decl":{"start":{"line":5,"column":16},"end":{"line":5,"column":38}},"loc":{"start":{"line":5,"column":80},"end":{"line":20,"column":null}},"line":5},"1":{"name":"(anonymous_1)","decl":{"start":{"line":18,"column":8},"end":{"line":18,"column":15}},"loc":{"start":{"line":18,"column":29},"end":{"line":18,"column":null}},"line":18}},"branchMap":{"0":{"loc":{"start":{"line":6,"column":2},"end":{"line":6,"column":null}},"type":"if","locations":[{"start":{"line":6,"column":2},"end":{"line":6,"column":null}},{"start":{},"end":{}}],"line":6},"1":{"loc":{"start":{"line":11,"column":2},"end":{"line":13,"column":null}},"type":"if","locations":[{"start":{"line":11,"column":2},"end":{"line":13,"column":null}},{"start":{},"end":{}}],"line":11},"2":{"loc":{"start":{"line":16,"column":2},"end":{"line":16,"column":null}},"type":"if","locations":[{"start":{"line":16,"column":2},"end":{"line":16,"column":null}},{"start":{},"end":{}}],"line":16}},"s":{"0":8,"1":4,"2":4,"3":4,"4":4,"5":2,"6":2,"7":2,"8":2,"9":1,"10":4,"11":1},"f":{"0":8,"1":4},"b":{"0":[4,4],"1":[2,2],"2":[1,1]},"meta":{"lastBranch":3,"lastFunction":2,"lastStatement":12,"seen":{"f:5:16:5:38":0,"b:6:2:6:Infinity:undefined:undefined:undefined:undefined":0,"s:6:2:6:Infinity":0,"s:6:22:6:Infinity":1,"s:8:16:8:Infinity":2,"s:10:23:10:Infinity":3,"b:11:2:13:Infinity:undefined:undefined:undefined:undefined":1,"s:11:2:13:Infinity":4,"s:12:4:12:Infinity":5,"s:15:16:15:Infinity":6,"b:16:2:16:Infinity:undefined:undefined:undefined:undefined":2,"s:16:2:16:Infinity":7,"s:16:37:16:Infinity":8,"s:18:8:18:Infinity":9,"f:18:8:18:15":1,"s:18:29:18:Infinity":10,"s:19:2:19:Infinity":11},"fnNames":{}}}
,"D:\\Ingenieria-Desarrollo-Software\\Bimestre-7\\urbansphere_front\\src\\utils\\imagenesGaleria.ts": {"path":"D:\\Ingenieria-Desarrollo-Software\\Bimestre-7\\urbansphere_front\\src\\utils\\imagenesGaleria.ts","statementMap":{"0":{"start":{"line":3,"column":2},"end":{"line":7,"column":null}},"1":{"start":{"line":4,"column":15},"end":{"line":4,"column":null}},"2":{"start":{"line":5,"column":15},"end":{"line":5,"column":null}},"3":{"start":{"line":6,"column":4},"end":{"line":6,"column":null}}},"fnMap":{"0":{"name":"ordenarImagenes","decl":{"start":{"line":2,"column":16},"end":{"line":2,"column":74}},"loc":{"start":{"line":2,"column":91},"end":{"line":8,"column":null}},"line":2},"1":{"name":"(anonymous_1)","decl":{"start":{"line":3,"column":20},"end":{"line":3,"column":26}},"loc":{"start":{"line":3,"column":35},"end":{"line":7,"column":3}},"line":3}},"branchMap":{"0":{"loc":{"start":{"line":4,"column":15},"end":{"line":4,"column":null}},"type":"binary-expr","locations":[{"start":{"line":4,"column":15},"end":{"line":4,"column":26}},{"start":{"line":4,"column":26},"end":{"line":4,"column":null}}],"line":4},"1":{"loc":{"start":{"line":5,"column":15},"end":{"line":5,"column":null}},"type":"binary-expr","locations":[{"start":{"line":5,"column":15},"end":{"line":5,"column":26}},{"start":{"line":5,"column":26},"end":{"line":5,"column":null}}],"line":5}},"s":{"0":0,"1":0,"2":0,"3":0},"f":{"0":0,"1":0},"b":{"0":[0,0],"1":[0,0]},"meta":{"lastBranch":2,"lastFunction":2,"lastStatement":4,"seen":{"f:2:16:2:74":0,"s:3:2:7:Infinity":0,"f:3:20:3:26":1,"s:4:15:4:Infinity":1,"b:4:15:4:26:4:26:4:Infinity":0,"s:5:15:5:Infinity":2,"b:5:15:5:26:5:26:5:Infinity":1,"s:6:4:6:Infinity":3},"fnNames":{}}}
,"D:\\Ingenieria-Desarrollo-Software\\Bimestre-7\\urbansphere_front\\src\\utils\\jwt.ts": {"path":"D:\\Ingenieria-Desarrollo-Software\\Bimestre-7\\urbansphere_front\\src\\utils\\jwt.ts","statementMap":{"0":{"start":{"line":3,"column":2},"end":{"line":11,"column":null}},"1":{"start":{"line":4,"column":18},"end":{"line":4,"column":null}},"2":{"start":{"line":5,"column":4},"end":{"line":5,"column":null}},"3":{"start":{"line":5,"column":16},"end":{"line":5,"column":null}},"4":{"start":{"line":6,"column":19},"end":{"line":6,"column":null}},"5":{"start":{"line":7,"column":17},"end":{"line":7,"column":null}},"6":{"start":{"line":8,"column":4},"end":{"line":8,"column":null}},"7":{"start":{"line":10,"column":4},"end":{"line":10,"column":null}},"8":{"start":{"line":16,"column":2},"end":{"line":16,"column":null}},"9":{"start":{"line":16,"column":14},"end":{"line":16,"column":null}},"10":{"start":{"line":17,"column":18},"end":{"line":17,"column":null}},"11":{"start":{"line":18,"column":14},"end":{"line":18,"column":null}},"12":{"start":{"line":19,"column":2},"end":{"line":19,"column":null}},"13":{"start":{"line":19,"column":31},"end":{"line":19,"column":null}},"14":{"start":{"line":20,"column":2},"end":{"line":20,"column":null}},"15":{"start":{"line":25,"column":2},"end":{"line":25,"column":null}},"16":{"start":{"line":25,"column":14},"end":{"line":25,"column":null}},"17":{"start":{"line":27,"column":18},"end":{"line":27,"column":null}},"18":{"start":{"line":28,"column":2},"end":{"line":28,"column":null}},"19":{"start":{"line":28,"column":16},"end":{"line":28,"column":null}},"20":{"start":{"line":30,"column":14},"end":{"line":30,"column":null}},"21":{"start":{"line":32,"column":2},"end":{"line":32,"column":null}},"22":{"start":{"line":32,"column":53},"end":{"line":32,"column":null}},"23":{"start":{"line":33,"column":2},"end":{"line":36,"column":null}},"24":{"start":{"line":34,"column":19},"end":{"line":34,"column":null}},"25":{"start":{"line":35,"column":4},"end":{"line":35,"column":null}},"26":{"start":{"line":35,"column":31},"end":{"line":35,"column":null}},"27":{"start":{"line":38,"column":2},"end":{"line":38,"column":null}}},"fnMap":{"0":{"name":"decodificarPayloadJwt","decl":{"start":{"line":2,"column":16},"end":{"line":2,"column":38}},"loc":{"start":{"line":2,"column":85},"end":{"line":12,"column":null}},"line":2},"1":{"name":"tokenJwtExpirado","decl":{"start":{"line":15,"column":16},"end":{"line":15,"column":33}},"loc":{"start":{"line":15,"column":85},"end":{"line":21,"column":null}},"line":15},"2":{"name":"obtenerIdUsuarioDesdeToken","decl":{"start":{"line":24,"column":16},"end":{"line":24,"column":43}},"loc":{"start":{"line":24,"column":80},"end":{"line":39,"column":null}},"line":24}},"branchMap":{"0":{"loc":{"start":{"line":5,"column":4},"end":{"line":5,"column":null}},"type":"if","locations":[{"start":{"line":5,"column":4},"end":{"line":5,"column":null}},{"start":{},"end":{}}],"line":5},"1":{"loc":{"start":{"line":15,"column":55},"end":{"line":15,"column":85}},"type":"default-arg","locations":[{"start":{"line":15,"column":72},"end":{"line":15,"column":85}}],"line":15},"2":{"loc":{"start":{"line":16,"column":2},"end":{"line":16,"column":null}},"type":"if","locations":[{"start":{"line":16,"column":2},"end":{"line":16,"column":null}},{"start":{},"end":{}}],"line":16},"3":{"loc":{"start":{"line":19,"column":2},"end":{"line":19,"column":null}},"type":"if","locations":[{"start":{"line":19,"column":2},"end":{"line":19,"column":null}},{"start":{},"end":{}}],"line":19},"4":{"loc":{"start":{"line":25,"column":2},"end":{"line":25,"column":null}},"type":"if","locations":[{"start":{"line":25,"column":2},"end":{"line":25,"column":null}},{"start":{},"end":{}}],"line":25},"5":{"loc":{"start":{"line":28,"column":2},"end":{"line":28,"column":null}},"type":"if","locations":[{"start":{"line":28,"column":2},"end":{"line":28,"column":null}},{"start":{},"end":{}}],"line":28},"6":{"loc":{"start":{"line":30,"column":14},"end":{"line":30,"column":null}},"type":"binary-expr","locations":[{"start":{"line":30,"column":14},"end":{"line":30,"column":29}},{"start":{"line":30,"column":29},"end":{"line":30,"column":43}},{"start":{"line":30,"column":43},"end":{"line":30,"column":61}},{"start":{"line":30,"column":61},"end":{"line":30,"column":null}}],"line":30},"7":{"loc":{"start":{"line":32,"column":2},"end":{"line":32,"column":null}},"type":"if","locations":[{"start":{"line":32,"column":2},"end":{"line":32,"column":null}},{"start":{},"end":{}}],"line":32},"8":{"loc":{"start":{"line":32,"column":6},"end":{"line":32,"column":53}},"type":"binary-expr","locations":[{"start":{"line":32,"column":6},"end":{"line":32,"column":33}},{"start":{"line":32,"column":33},"end":{"line":32,"column":53}}],"line":32},"9":{"loc":{"start":{"line":33,"column":2},"end":{"line":36,"column":null}},"type":"if","locations":[{"start":{"line":33,"column":2},"end":{"line":36,"column":null}},{"start":{},"end":{}}],"line":33},"10":{"loc":{"start":{"line":35,"column":4},"end":{"line":35,"column":null}},"type":"if","locations":[{"start":{"line":35,"column":4},"end":{"line":35,"column":null}},{"start":{},"end":{}}],"line":35}},"s":{"0":1,"1":1,"2":1,"3":0,"4":1,"5":1,"6":1,"7":0,"8":1,"9":0,"10":1,"11":1,"12":1,"13":0,"14":1,"15":0,"16":0,"17":0,"18":0,"19":0,"20":0,"21":0,"22":0,"23":0,"24":0,"25":0,"26":0,"27":0},"f":{"0":1,"1":1,"2":0},"b":{"0":[0,1],"1":[1],"2":[0,1],"3":[0,1],"4":[0,0],"5":[0,0],"6":[0,0,0,0],"7":[0,0],"8":[0,0],"9":[0,0],"10":[0,0]},"meta":{"lastBranch":11,"lastFunction":3,"lastStatement":28,"seen":{"f:2:16:2:38":0,"s:3:2:11:Infinity":0,"s:4:18:4:Infinity":1,"b:5:4:5:Infinity:undefined:undefined:undefined:undefined":0,"s:5:4:5:Infinity":2,"s:5:16:5:Infinity":3,"s:6:19:6:Infinity":4,"s:7:17:7:Infinity":5,"s:8:4:8:Infinity":6,"s:10:4:10:Infinity":7,"f:15:16:15:33":1,"b:15:72:15:85":1,"b:16:2:16:Infinity:undefined:undefined:undefined:undefined":2,"s:16:2:16:Infinity":8,"s:16:14:16:Infinity":9,"s:17:18:17:Infinity":10,"s:18:14:18:Infinity":11,"b:19:2:19:Infinity:undefined:undefined:undefined:undefined":3,"s:19:2:19:Infinity":12,"s:19:31:19:Infinity":13,"s:20:2:20:Infinity":14,"f:24:16:24:43":2,"b:25:2:25:Infinity:undefined:undefined:undefined:undefined":4,"s:25:2:25:Infinity":15,"s:25:14:25:Infinity":16,"s:27:18:27:Infinity":17,"b:28:2:28:Infinity:undefined:undefined:undefined:undefined":5,"s:28:2:28:Infinity":18,"s:28:16:28:Infinity":19,"s:30:14:30:Infinity":20,"b:30:14:30:29:30:29:30:43:30:43:30:61:30:61:30:Infinity":6,"b:32:2:32:Infinity:undefined:undefined:undefined:undefined":7,"s:32:2:32:Infinity":21,"b:32:6:32:33:32:33:32:53":8,"s:32:53:32:Infinity":22,"b:33:2:36:Infinity:undefined:undefined:undefined:undefined":9,"s:33:2:36:Infinity":23,"s:34:19:34:Infinity":24,"b:35:4:35:Infinity:undefined:undefined:undefined:undefined":10,"s:35:4:35:Infinity":25,"s:35:31:35:Infinity":26,"s:38:2:38:Infinity":27},"fnNames":{}}}
,"D:\\Ingenieria-Desarrollo-Software\\Bimestre-7\\urbansphere_front\\src\\utils\\numeros.ts": {"path":"D:\\Ingenieria-Desarrollo-Software\\Bimestre-7\\urbansphere_front\\src\\utils\\numeros.ts","statementMap":{"0":{"start":{"line":3,"column":12},"end":{"line":3,"column":null}},"1":{"start":{"line":4,"column":2},"end":{"line":6,"column":null}},"2":{"start":{"line":5,"column":4},"end":{"line":5,"column":null}},"3":{"start":{"line":7,"column":2},"end":{"line":7,"column":null}},"4":{"start":{"line":12,"column":2},"end":{"line":16,"column":null}},"5":{"start":{"line":13,"column":4},"end":{"line":13,"column":null}},"6":{"start":{"line":15,"column":4},"end":{"line":15,"column":null}},"7":{"start":{"line":21,"column":2},"end":{"line":23,"column":null}},"8":{"start":{"line":22,"column":16},"end":{"line":22,"column":42}},"9":{"start":{"line":23,"column":32},"end":{"line":23,"column":42}}},"fnMap":{"0":{"name":"aEnteroPositivo","decl":{"start":{"line":2,"column":16},"end":{"line":2,"column":32}},"loc":{"start":{"line":2,"column":56},"end":{"line":8,"column":null}},"line":2},"1":{"name":"aEnteroPositivoNullable","decl":{"start":{"line":11,"column":16},"end":{"line":11,"column":40}},"loc":{"start":{"line":11,"column":71},"end":{"line":17,"column":null}},"line":11},"2":{"name":"normalizarIdsNumericos","decl":{"start":{"line":20,"column":16},"end":{"line":20,"column":39}},"loc":{"start":{"line":20,"column":69},"end":{"line":24,"column":null}},"line":20},"3":{"name":"(anonymous_3)","decl":{"start":{"line":22,"column":5},"end":{"line":22,"column":10}},"loc":{"start":{"line":22,"column":16},"end":{"line":22,"column":42}},"line":22},"4":{"name":"(anonymous_4)","decl":{"start":{"line":23,"column":5},"end":{"line":23,"column":13}},"loc":{"start":{"line":23,"column":32},"end":{"line":23,"column":42}},"line":23}},"branchMap":{"0":{"loc":{"start":{"line":3,"column":12},"end":{"line":3,"column":null}},"type":"cond-expr","locations":[{"start":{"line":3,"column":40},"end":{"line":3,"column":48}},{"start":{"line":3,"column":48},"end":{"line":3,"column":null}}],"line":3},"1":{"loc":{"start":{"line":4,"column":2},"end":{"line":6,"column":null}},"type":"if","locations":[{"start":{"line":4,"column":2},"end":{"line":6,"column":null}},{"start":{},"end":{}}],"line":4},"2":{"loc":{"start":{"line":4,"column":6},"end":{"line":4,"column":61}},"type":"binary-expr","locations":[{"start":{"line":4,"column":6},"end":{"line":4,"column":29}},{"start":{"line":4,"column":29},"end":{"line":4,"column":53}},{"start":{"line":4,"column":53},"end":{"line":4,"column":61}}],"line":4}},"s":{"0":30,"1":30,"2":17,"3":13,"4":17,"5":17,"6":12,"7":2,"8":11,"9":11},"f":{"0":30,"1":17,"2":2,"3":11,"4":11},"b":{"0":[18,12],"1":[17,13],"2":[30,25,25]},"meta":{"lastBranch":3,"lastFunction":5,"lastStatement":10,"seen":{"f:2:16:2:32":0,"s:3:12:3:Infinity":0,"b:3:40:3:48:3:48:3:Infinity":0,"b:4:2:6:Infinity:undefined:undefined:undefined:undefined":1,"s:4:2:6:Infinity":1,"b:4:6:4:29:4:29:4:53:4:53:4:61":2,"s:5:4:5:Infinity":2,"s:7:2:7:Infinity":3,"f:11:16:11:40":1,"s:12:2:16:Infinity":4,"s:13:4:13:Infinity":5,"s:15:4:15:Infinity":6,"f:20:16:20:39":2,"s:21:2:23:Infinity":7,"f:22:5:22:10":3,"s:22:16:22:42":8,"f:23:5:23:13":4,"s:23:32:23:42":9},"fnNames":{}}}
,"D:\\Ingenieria-Desarrollo-Software\\Bimestre-7\\urbansphere_front\\src\\utils\\validacionesProyecto.ts": {"path":"D:\\Ingenieria-Desarrollo-Software\\Bimestre-7\\urbansphere_front\\src\\utils\\validacionesProyecto.ts","statementMap":{"0":{"start":{"line":5,"column":12},"end":{"line":5,"column":null}},"1":{"start":{"line":6,"column":12},"end":{"line":6,"column":null}},"2":{"start":{"line":7,"column":12},"end":{"line":7,"column":null}},"3":{"start":{"line":8,"column":14},"end":{"line":8,"column":null}},"4":{"start":{"line":9,"column":2},"end":{"line":9,"column":null}},"5":{"start":{"line":13,"column":14},"end":{"line":13,"column":null}},"6":{"start":{"line":14,"column":2},"end":{"line":14,"column":null}},"7":{"start":{"line":18,"column":14},"end":{"line":18,"column":null}},"8":{"start":{"line":19,"column":2},"end":{"line":19,"column":null}},"9":{"start":{"line":24,"column":14},"end":{"line":24,"column":null}},"10":{"start":{"line":25,"column":2},"end":{"line":25,"column":null}},"11":{"start":{"line":29,"column":16},"end":{"line":29,"column":null}},"12":{"start":{"line":30,"column":2},"end":{"line":30,"column":null}},"13":{"start":{"line":30,"column":14},"end":{"line":30,"column":null}},"14":{"start":{"line":31,"column":2},"end":{"line":33,"column":null}},"15":{"start":{"line":32,"column":4},"end":{"line":32,"column":null}},"16":{"start":{"line":34,"column":2},"end":{"line":34,"column":null}},"17":{"start":{"line":38,"column":2},"end":{"line":40,"column":null}},"18":{"start":{"line":39,"column":4},"end":{"line":39,"column":null}},"19":{"start":{"line":41,"column":2},"end":{"line":43,"column":null}},"20":{"start":{"line":42,"column":4},"end":{"line":42,"column":null}},"21":{"start":{"line":44,"column":2},"end":{"line":46,"column":null}},"22":{"start":{"line":45,"column":4},"end":{"line":45,"column":null}},"23":{"start":{"line":47,"column":2},"end":{"line":49,"column":null}},"24":{"start":{"line":48,"column":4},"end":{"line":48,"column":null}},"25":{"start":{"line":50,"column":2},"end":{"line":52,"column":null}},"26":{"start":{"line":51,"column":4},"end":{"line":51,"column":null}},"27":{"start":{"line":53,"column":2},"end":{"line":53,"column":null}},"28":{"start":{"line":57,"column":2},"end":{"line":63,"column":null}}},"fnMap":{"0":{"name":"fechaMinimaHoyLocal","decl":{"start":{"line":4,"column":16},"end":{"line":4,"column":46}},"loc":{"start":{"line":4,"column":46},"end":{"line":10,"column":null}},"line":4},"1":{"name":"esEnteroPositivo","decl":{"start":{"line":12,"column":16},"end":{"line":12,"column":33}},"loc":{"start":{"line":12,"column":58},"end":{"line":15,"column":null}},"line":12},"2":{"name":"esSuperficieValida","decl":{"start":{"line":17,"column":16},"end":{"line":17,"column":35}},"loc":{"start":{"line":17,"column":60},"end":{"line":20,"column":null}},"line":17},"3":{"name":"esUfEntera","decl":{"start":{"line":23,"column":16},"end":{"line":23,"column":27}},"loc":{"start":{"line":23,"column":52},"end":{"line":26,"column":null}},"line":23},"4":{"name":"validarFechaEntrega","decl":{"start":{"line":28,"column":16},"end":{"line":28,"column":36}},"loc":{"start":{"line":28,"column":85},"end":{"line":35,"column":null}},"line":28},"5":{"name":"validarTipologiaForm","decl":{"start":{"line":37,"column":16},"end":{"line":37,"column":37}},"loc":{"start":{"line":37,"column":77},"end":{"line":54,"column":null}},"line":37},"6":{"name":"normalizarTipologiaDto","decl":{"start":{"line":56,"column":16},"end":{"line":56,"column":39}},"loc":{"start":{"line":56,"column":83},"end":{"line":64,"column":null}},"line":56}},"branchMap":{"0":{"loc":{"start":{"line":14,"column":9},"end":{"line":14,"column":null}},"type":"binary-expr","locations":[{"start":{"line":14,"column":9},"end":{"line":14,"column":33}},{"start":{"line":14,"column":33},"end":{"line":14,"column":58}},{"start":{"line":14,"column":58},"end":{"line":14,"column":null}}],"line":14},"1":{"loc":{"start":{"line":19,"column":9},"end":{"line":19,"column":null}},"type":"binary-expr","locations":[{"start":{"line":19,"column":9},"end":{"line":19,"column":33}},{"start":{"line":19,"column":33},"end":{"line":19,"column":null}}],"line":19},"2":{"loc":{"start":{"line":25,"column":9},"end":{"line":25,"column":null}},"type":"binary-expr","locations":[{"start":{"line":25,"column":9},"end":{"line":25,"column":33}},{"start":{"line":25,"column":33},"end":{"line":25,"column":58}},{"start":{"line":25,"column":58},"end":{"line":25,"column":null}}],"line":25},"3":{"loc":{"start":{"line":30,"column":2},"end":{"line":30,"column":null}},"type":"if","locations":[{"start":{"line":30,"column":2},"end":{"line":30,"column":null}},{"start":{},"end":{}}],"line":30},"4":{"loc":{"start":{"line":31,"column":2},"end":{"line":33,"column":null}},"type":"if","locations":[{"start":{"line":31,"column":2},"end":{"line":33,"column":null}},{"start":{},"end":{}}],"line":31},"5":{"loc":{"start":{"line":38,"column":2},"end":{"line":40,"column":null}},"type":"if","locations":[{"start":{"line":38,"column":2},"end":{"line":40,"column":null}},{"start":{},"end":{}}],"line":38},"6":{"loc":{"start":{"line":41,"column":2},"end":{"line":43,"column":null}},"type":"if","locations":[{"start":{"line":41,"column":2},"end":{"line":43,"column":null}},{"start":{},"end":{}}],"line":41},"7":{"loc":{"start":{"line":44,"column":2},"end":{"line":46,"column":null}},"type":"if","locations":[{"start":{"line":44,"column":2},"end":{"line":46,"column":null}},{"start":{},"end":{}}],"line":44},"8":{"loc":{"start":{"line":47,"column":2},"end":{"line":49,"column":null}},"type":"if","locations":[{"start":{"line":47,"column":2},"end":{"line":49,"column":null}},{"start":{},"end":{}}],"line":47},"9":{"loc":{"start":{"line":50,"column":2},"end":{"line":52,"column":null}},"type":"if","locations":[{"start":{"line":50,"column":2},"end":{"line":52,"column":null}},{"start":{},"end":{}}],"line":50}},"s":{"0":2,"1":2,"2":2,"3":2,"4":2,"5":8,"6":8,"7":6,"8":6,"9":5,"10":5,"11":4,"12":4,"13":2,"14":2,"15":1,"16":1,"17":2,"18":1,"19":1,"20":0,"21":1,"22":0,"23":1,"24":0,"25":1,"26":0,"27":1,"28":1},"f":{"0":2,"1":8,"2":6,"3":5,"4":4,"5":2,"6":1},"b":{"0":[8,8,7],"1":[6,6],"2":[5,5,4],"3":[2,2],"4":[1,1],"5":[1,1],"6":[0,1],"7":[0,1],"8":[0,1],"9":[0,1]},"meta":{"lastBranch":10,"lastFunction":7,"lastStatement":29,"seen":{"f:4:16:4:46":0,"s:5:12:5:Infinity":0,"s:6:12:6:Infinity":1,"s:7:12:7:Infinity":2,"s:8:14:8:Infinity":3,"s:9:2:9:Infinity":4,"f:12:16:12:33":1,"s:13:14:13:Infinity":5,"s:14:2:14:Infinity":6,"b:14:9:14:33:14:33:14:58:14:58:14:Infinity":0,"f:17:16:17:35":2,"s:18:14:18:Infinity":7,"s:19:2:19:Infinity":8,"b:19:9:19:33:19:33:19:Infinity":1,"f:23:16:23:27":3,"s:24:14:24:Infinity":9,"s:25:2:25:Infinity":10,"b:25:9:25:33:25:33:25:58:25:58:25:Infinity":2,"f:28:16:28:36":4,"s:29:16:29:Infinity":11,"b:30:2:30:Infinity:undefined:undefined:undefined:undefined":3,"s:30:2:30:Infinity":12,"s:30:14:30:Infinity":13,"b:31:2:33:Infinity:undefined:undefined:undefined:undefined":4,"s:31:2:33:Infinity":14,"s:32:4:32:Infinity":15,"s:34:2:34:Infinity":16,"f:37:16:37:37":5,"b:38:2:40:Infinity:undefined:undefined:undefined:undefined":5,"s:38:2:40:Infinity":17,"s:39:4:39:Infinity":18,"b:41:2:43:Infinity:undefined:undefined:undefined:undefined":6,"s:41:2:43:Infinity":19,"s:42:4:42:Infinity":20,"b:44:2:46:Infinity:undefined:undefined:undefined:undefined":7,"s:44:2:46:Infinity":21,"s:45:4:45:Infinity":22,"b:47:2:49:Infinity:undefined:undefined:undefined:undefined":8,"s:47:2:49:Infinity":23,"s:48:4:48:Infinity":24,"b:50:2:52:Infinity:undefined:undefined:undefined:undefined":9,"s:50:2:52:Infinity":25,"s:51:4:51:Infinity":26,"s:53:2:53:Infinity":27,"f:56:16:56:39":6,"s:57:2:63:Infinity":28},"fnNames":{}}}
}
